[    0.000000] Linux version 4.15.0-140-generic (buildd@lgw01-amd64-054) (gcc version 7.5.0 (Ubuntu 7.5.0-3ubuntu1~18.04)) #144-Ubuntu SMP Fri Mar 19 14:12:35 UTC 2021 (Ubuntu 4.15.0-140.144-generic 4.15.18)
[    0.000000] Command line: BOOT_IMAGE=/boot/vmlinuz-4.15.0-140-generic root=LABEL=cloudimg-rootfs ro console=tty1 console=ttyS0
[    0.000000] KERNEL supported cpus:
[    0.000000]   Intel GenuineIntel
[    0.000000]   AMD AuthenticAMD
[    0.000000]   Centaur CentaurHauls
[    0.000000] x86/fpu: Supporting XSAVE feature 0x001: 'x87 floating point registers'
[    0.000000] x86/fpu: Supporting XSAVE feature 0x002: 'SSE registers'
[    0.000000] x86/fpu: Supporting XSAVE feature 0x004: 'AVX registers'
[    0.000000] x86/fpu: xstate_offset[2]:  576, xstate_sizes[2]:  256
[    0.000000] x86/fpu: Enabled xstate features 0x7, context size is 832 bytes, using 'standard' format.
[    0.000000] e820: BIOS-provided physical RAM map:
[    0.000000] BIOS-e820: [mem 0x0000000000000000-0x000000000009fbff] usable
[    0.000000] BIOS-e820: [mem 0x000000000009fc00-0x000000000009ffff] reserved
[    0.000000] BIOS-e820: [mem 0x00000000000f0000-0x00000000000fffff] reserved
[    0.000000] BIOS-e820: [mem 0x0000000000100000-0x000000003ffeffff] usable
[    0.000000] BIOS-e820: [mem 0x000000003fff0000-0x000000003fffffff] ACPI data
[    0.000000] BIOS-e820: [mem 0x00000000fec00000-0x00000000fec00fff] reserved
[    0.000000] BIOS-e820: [mem 0x00000000fee00000-0x00000000fee00fff] reserved
[    0.000000] BIOS-e820: [mem 0x00000000fffc0000-0x00000000ffffffff] reserved
[    0.000000] NX (Execute Disable) protection: active
[    0.000000] SMBIOS 2.5 present.
[    0.000000] DMI: innotek GmbH VirtualBox/VirtualBox, BIOS VirtualBox 12/01/2006
[    0.000000] Hypervisor detected: KVM
[    0.000000] e820: last_pfn = 0x3fff0 max_arch_pfn = 0x400000000
[    0.000000] MTRR: Disabled
[    0.000000] x86/PAT: MTRRs disabled, skipping PAT initialization too.
[    0.000000] CPU MTRRs all blank - virtualized system.
[    0.000000] x86/PAT: Configuration [0-7]: WB  WT  UC- UC  WB  WT  UC- UC  
[    0.000000] found SMP MP-table at [mem 0x0009fff0-0x0009ffff]
[    0.000000] Scanning 1 areas for low memory corruption
[    0.000000] RAMDISK: [mem 0x35a63000-0x36d28fff]
[    0.000000] ACPI: Early table checksum verification disabled
[    0.000000] ACPI: RSDP 0x00000000000E0000 000024 (v02 VBOX  )
[    0.000000] ACPI: XSDT 0x000000003FFF0030 00003C (v01 VBOX   VBOXXSDT 00000001 ASL  00000061)
[    0.000000] ACPI: FACP 0x000000003FFF00F0 0000F4 (v04 VBOX   VBOXFACP 00000001 ASL  00000061)
[    0.000000] ACPI: DSDT 0x000000003FFF0470 002325 (v02 VBOX   VBOXBIOS 00000002 INTL 20190509)
[    0.000000] ACPI: FACS 0x000000003FFF0200 000040
[    0.000000] ACPI: FACS 0x000000003FFF0200 000040
[    0.000000] ACPI: APIC 0x000000003FFF0240 00005C (v02 VBOX   VBOXAPIC 00000001 ASL  00000061)
[    0.000000] ACPI: SSDT 0x000000003FFF02A0 0001CC (v01 VBOX   VBOXCPUT 00000002 INTL 20190509)
[    0.000000] No NUMA configuration found
[    0.000000] Faking a node at [mem 0x0000000000000000-0x000000003ffeffff]
[    0.000000] NODE_DATA(0) allocated [mem 0x3ffc5000-0x3ffeffff]
[    0.000000] kvm-clock: cpu 0, msr 0:3ff44001, primary cpu clock
[    0.000000] kvm-clock: Using msrs 4b564d01 and 4b564d00
[    0.000000] kvm-clock: using sched offset of 3336956954 cycles
[    0.000000] clocksource: kvm-clock: mask: 0xffffffffffffffff max_cycles: 0x1cd42e4dffb, max_idle_ns: 881590591483 ns
[    0.000000] Zone ranges:
[    0.000000]   DMA      [mem 0x0000000000001000-0x0000000000ffffff]
[    0.000000]   DMA32    [mem 0x0000000001000000-0x000000003ffeffff]
[    0.000000]   Normal   empty
[    0.000000]   Device   empty
[    0.000000] Movable zone start for each node
[    0.000000] Early memory node ranges
[    0.000000]   node   0: [mem 0x0000000000001000-0x000000000009efff]
[    0.000000]   node   0: [mem 0x0000000000100000-0x000000003ffeffff]
[    0.000000] Reserved but unavailable: 98 pages
[    0.000000] Initmem setup node 0 [mem 0x0000000000001000-0x000000003ffeffff]
[    0.000000] ACPI: PM-Timer IO Port: 0x4008
[    0.000000] IOAPIC[0]: apic_id 2, version 32, address 0xfec00000, GSI 0-23
[    0.000000] ACPI: INT_SRC_OVR (bus 0 bus_irq 0 global_irq 2 dfl dfl)
[    0.000000] ACPI: INT_SRC_OVR (bus 0 bus_irq 9 global_irq 9 low level)
[    0.000000] Using ACPI (MADT) for SMP configuration information
[    0.000000] smpboot: Allowing 2 CPUs, 0 hotplug CPUs
[    0.000000] PM: Registered nosave memory: [mem 0x00000000-0x00000fff]
[    0.000000] PM: Registered nosave memory: [mem 0x0009f000-0x0009ffff]
[    0.000000] PM: Registered nosave memory: [mem 0x000a0000-0x000effff]
[    0.000000] PM: Registered nosave memory: [mem 0x000f0000-0x000fffff]
[    0.000000] e820: [mem 0x40000000-0xfebfffff] available for PCI devices
[    0.000000] Booting paravirtualized kernel on KVM
[    0.000000] clocksource: refined-jiffies: mask: 0xffffffff max_cycles: 0xffffffff, max_idle_ns: 7645519600211568 ns
[    0.000000] random: get_random_bytes called from start_kernel+0x99/0x500 with crng_init=0
[    0.000000] setup_percpu: NR_CPUS:8192 nr_cpumask_bits:2 nr_cpu_ids:2 nr_node_ids:1
[    0.000000] percpu: Embedded 45 pages/cpu s147456 r8192 d28672 u1048576
[    0.000000] PV qspinlock hash table entries: 256 (order: 0, 4096 bytes)
[    0.000000] Built 1 zonelists, mobility grouping on.  Total pages: 257913
[    0.000000] Policy zone: DMA32
[    0.000000] Kernel command line: BOOT_IMAGE=/boot/vmlinuz-4.15.0-140-generic root=LABEL=cloudimg-rootfs ro console=tty1 console=ttyS0
[    0.000000] Memory: 983020K/1048120K available (12300K kernel code, 2483K rwdata, 4276K rodata, 2440K init, 2724K bss, 65100K reserved, 0K cma-reserved)
[    0.000000] SLUB: HWalign=64, Order=0-3, MinObjects=0, CPUs=2, Nodes=1
[    0.000000] Kernel/User page tables isolation: enabled
[    0.000000] ftrace: allocating 39429 entries in 155 pages
[    0.004000] Hierarchical RCU implementation.
[    0.004000] 	RCU restricting CPUs from NR_CPUS=8192 to nr_cpu_ids=2.
[    0.004000] 	Tasks RCU enabled.
[    0.004000] RCU: Adjusting geometry for rcu_fanout_leaf=16, nr_cpu_ids=2
[    0.004000] NR_IRQS: 524544, nr_irqs: 440, preallocated irqs: 16
[    0.004000] Console: colour VGA+ 80x25
[    0.004000] console [tty1] enabled
[    0.004000] console [ttyS0] enabled
[    0.004000] ACPI: Core revision 20170831
[    0.004000] ACPI: 2 ACPI AML tables successfully acquired and loaded
[    0.004000] APIC: Switch to symmetric I/O mode setup
[    0.004000] x2apic enabled
[    0.004000] Switched APIC routing to physical x2apic.
[    0.004000] ..TIMER: vector=0x30 apic1=0 pin1=2 apic2=-1 pin2=-1
[    0.004006] tsc: Detected 1799.997 MHz processor
[    0.004837] Calibrating delay loop (skipped) preset value.. 3599.99 BogoMIPS (lpj=7199988)
[    0.005494] pid_max: default: 32768 minimum: 301
[    0.008041] Security Framework initialized
[    0.008801] Yama: becoming mindful.
[    0.009490] AppArmor: AppArmor initialized
[    0.011075] Dentry cache hash table entries: 131072 (order: 8, 1048576 bytes)
[    0.012078] Inode-cache hash table entries: 65536 (order: 7, 524288 bytes)
[    0.013285] Mount-cache hash table entries: 2048 (order: 2, 16384 bytes)
[    0.014476] Mountpoint-cache hash table entries: 2048 (order: 2, 16384 bytes)
[    0.016332] Last level iTLB entries: 4KB 64, 2MB 8, 4MB 8
[    0.017303] Last level dTLB entries: 4KB 64, 2MB 0, 4MB 0, 1GB 4
[    0.018363] Spectre V1 : Mitigation: usercopy/swapgs barriers and __user pointer sanitization
[    0.020003] Spectre V2 : Mitigation: Full generic retpoline
[    0.020963] Spectre V2 : Spectre v2 / SpectreRSB mitigation: Filling RSB on context switch
[    0.022422] Speculative Store Bypass: Vulnerable
[    0.023299] SRBDS: Unknown: Dependent on hypervisor status
[    0.024003] MDS: Mitigation: Clear CPU buffers
[    0.025016] Freeing SMP alternatives memory: 36K
[    0.137545] smpboot: CPU0: Intel(R) Core(TM) i5-8250U CPU @ 1.60GHz (family: 0x6, model: 0x8e, stepping: 0xa)
[    0.138962] Performance Events: unsupported p6 CPU model 142 no PMU driver, software events only.
[    0.140000] Hierarchical SRCU implementation.
[    0.140000] NMI watchdog: Perf event create on CPU 0 failed with -2
[    0.140002] NMI watchdog: Perf NMI watchdog permanently disabled
[    0.140812] smp: Bringing up secondary CPUs ...
[    0.141485] x86: Booting SMP configuration:
[    0.142111] .... node  #0, CPUs:      #1
[    0.004000] kvm-clock: cpu 1, msr 0:3ff44041, secondary cpu clock
[    0.146433] smp: Brought up 1 node, 2 CPUs
[    0.146433] smpboot: Max logical packages: 1
[    0.146433] smpboot: Total of 2 processors activated (7199.98 BogoMIPS)
[    0.148131] devtmpfs: initialized
[    0.148570] x86/mm: Memory block size: 128MB
[    0.149269] evm: security.selinux
[    0.149822] evm: security.SMACK64
[    0.150304] evm: security.SMACK64EXEC
[    0.150831] evm: security.SMACK64TRANSMUTE
[    0.152002] evm: security.SMACK64MMAP
[    0.152500] evm: security.apparmor
[    0.153037] evm: security.ima
[    0.153457] evm: security.capability
[    0.154010] clocksource: jiffies: mask: 0xffffffff max_cycles: 0xffffffff, max_idle_ns: 7645041785100000 ns
[    0.154010] futex hash table entries: 512 (order: 3, 32768 bytes)
[    0.156552] pinctrl core: initialized pinctrl subsystem
[    0.157350] RTC time: 21:46:08, date: 04/10/21
[    0.158185] NET: Registered protocol family 16
[    0.158878] audit: initializing netlink subsys (disabled)
[    0.160037] audit: type=2000 audit(1618091173.756:1): state=initialized audit_enabled=0 res=1
[    0.161185] cpuidle: using governor ladder
[    0.161185] cpuidle: using governor menu
[    0.161199] ACPI: bus type PCI registered
[    0.161805] acpiphp: ACPI Hot Plug PCI Controller Driver version: 0.5
[    0.164084] PCI: Using configuration type 1 for base access
[    0.164865] HugeTLB registered 2.00 MiB page size, pre-allocated 0 pages
[    0.168023] ACPI: Added _OSI(Module Device)
[    0.168615] ACPI: Added _OSI(Processor Device)
[    0.169225] ACPI: Added _OSI(3.0 _SCP Extensions)
[    0.169846] ACPI: Added _OSI(Processor Aggregator Device)
[    0.170548] ACPI: Added _OSI(Linux-Dell-Video)
[    0.171144] ACPI: Added _OSI(Linux-Lenovo-NV-HDMI-Audio)
[    0.171841] ACPI: Added _OSI(Linux-HPI-Hybrid-Graphics)
[    0.172240] ACPI: Executed 1 blocks of module-level executable AML code
[    0.176117] ACPI: Interpreter enabled
[    0.176626] ACPI: (supports S0 S5)
[    0.177173] ACPI: Using IOAPIC for interrupt routing
[    0.178081] PCI: Using host bridge windows from ACPI; if necessary, use "pci=nocrs" and report a bug
[    0.179396] ACPI: Enabled 2 GPEs in block 00 to 07
[    0.184592] ACPI: PCI Root Bridge [PCI0] (domain 0000 [bus 00-ff])
[    0.185449] acpi PNP0A03:00: _OSC: OS supports [ASPM ClockPM Segments MSI]
[    0.186719] acpi PNP0A03:00: _OSC: not requesting OS control; OS requires [ExtendedConfig ASPM ClockPM MSI]
[    0.188000] acpi PNP0A03:00: fail to add MMCONFIG information, can't access extended PCI configuration space under this bridge.
[    0.188312] PCI host bridge to bus 0000:00
[    0.188920] pci_bus 0000:00: root bus resource [io  0x0000-0x0cf7 window]
[    0.189796] pci_bus 0000:00: root bus resource [io  0x0d00-0xffff window]
[    0.190666] pci_bus 0000:00: root bus resource [mem 0x000a0000-0x000bffff window]
[    0.192003] pci_bus 0000:00: root bus resource [mem 0x40000000-0xfdffffff window]
[    0.193025] pci_bus 0000:00: root bus resource [bus 00-ff]
[    0.196134] pci 0000:00:01.1: legacy IDE quirk: reg 0x10: [io  0x01f0-0x01f7]
[    0.197062] pci 0000:00:01.1: legacy IDE quirk: reg 0x14: [io  0x03f6]
[    0.197893] pci 0000:00:01.1: legacy IDE quirk: reg 0x18: [io  0x0170-0x0177]
[    0.199334] pci 0000:00:01.1: legacy IDE quirk: reg 0x1c: [io  0x0376]
[    0.211675] pci 0000:00:07.0: quirk: [io  0x4000-0x403f] claimed by PIIX4 ACPI
[    0.212015] pci 0000:00:07.0: quirk: [io  0x4100-0x410f] claimed by PIIX4 SMB
[    0.218564] ACPI: PCI Interrupt Link [LNKA] (IRQs 5 9 10 *11)
[    0.219635] ACPI: PCI Interrupt Link [LNKB] (IRQs 5 9 *10 11)
[    0.220095] ACPI: PCI Interrupt Link [LNKC] (IRQs 5 *9 10 11)
[    0.220966] ACPI: PCI Interrupt Link [LNKD] (IRQs 5 9 10 *11)
[    0.222040] SCSI subsystem initialized
[    0.222666] pci 0000:00:02.0: vgaarb: setting as boot VGA device
[    0.222666] pci 0000:00:02.0: vgaarb: VGA device added: decodes=io+mem,owns=io+mem,locks=none
[    0.224004] pci 0000:00:02.0: vgaarb: bridge control possible
[    0.224874] vgaarb: loaded
[    0.225350] ACPI: bus type USB registered
[    0.225945] usbcore: registered new interface driver usbfs
[    0.226649] usbcore: registered new interface driver hub
[    0.228007] usbcore: registered new device driver usb
[    0.228725] EDAC MC: Ver: 3.0.0
[    0.228725] PCI: Using ACPI for IRQ routing
[    0.228805] NetLabel: Initializing
[    0.229293] NetLabel:  domain hash size = 128
[    0.229893] NetLabel:  protocols = UNLABELED CIPSOv4 CALIPSO
[    0.232016] NetLabel:  unlabeled traffic allowed by default
[    0.232767] clocksource: Switched to clocksource kvm-clock
[    0.242032] VFS: Disk quotas dquot_6.6.0
[    0.242696] VFS: Dquot-cache hash table entries: 512 (order 0, 4096 bytes)
[    0.243755] AppArmor: AppArmor Filesystem Enabled
[    0.244471] pnp: PnP ACPI init
[    0.245724] pnp: PnP ACPI: found 3 devices
[    0.254313] clocksource: acpi_pm: mask: 0xffffff max_cycles: 0xffffff, max_idle_ns: 2085701024 ns
[    0.255577] NET: Registered protocol family 2
[    0.256349] TCP established hash table entries: 8192 (order: 4, 65536 bytes)
[    0.257289] TCP bind hash table entries: 8192 (order: 5, 131072 bytes)
[    0.258667] TCP: Hash tables configured (established 8192 bind 8192)
[    0.259605] UDP hash table entries: 512 (order: 2, 16384 bytes)
[    0.260479] UDP-Lite hash table entries: 512 (order: 2, 16384 bytes)
[    0.261334] NET: Registered protocol family 1
[    0.261947] pci 0000:00:00.0: Limiting direct PCI/PCI transfers
[    0.262729] pci 0000:00:01.0: Activating ISA DMA hang workarounds
[    0.263598] pci 0000:00:02.0: Video device with shadowed ROM at [mem 0x000c0000-0x000dffff]
[    0.264812] Unpacking initramfs...
[    0.505722] Freeing initrd memory: 19224K
[    0.506506] clocksource: tsc: mask: 0xffffffffffffffff max_cycles: 0x19f226b2958, max_idle_ns: 440795203083 ns
[    0.507805] platform rtc_cmos: registered platform RTC device (no PNP device found)
[    0.508895] Scanning for low memory corruption every 60 seconds
[    0.510309] Initialise system trusted keyrings
[    0.510951] Key type blacklist registered
[    0.511656] workingset: timestamp_bits=36 max_order=18 bucket_order=0
[    0.513315] zbud: loaded
[    0.514207] squashfs: version 4.0 (2009/01/31) Phillip Lougher
[    0.515300] fuse init (API version 7.26)
[    0.534078] Key type asymmetric registered
[    0.535054] Asymmetric key parser 'x509' registered
[    0.535757] Block layer SCSI generic (bsg) driver version 0.4 loaded (major 246)
[    0.536912] io scheduler noop registered
[    0.537464] io scheduler deadline registered
[    0.538073] io scheduler cfq registered (default)
[    0.539000] ACPI: AC Adapter [AC] (off-line)
[    0.539616] input: Power Button as /devices/LNXSYSTM:00/LNXPWRBN:00/input/input0
[    0.540714] ACPI: Power Button [PWRF]
[    0.541289] input: Sleep Button as /devices/LNXSYSTM:00/LNXSLPBN:00/input/input1
[    0.542284] ACPI: Sleep Button [SLPF]
[    0.543677] ACPI: Battery Slot [BAT0] (battery present)
[    0.544567] Serial: 8250/16550 driver, 32 ports, IRQ sharing enabled
[    0.565976] 00:02: ttyS0 at I/O 0x3f8 (irq = 4, base_baud = 115200) is a 16550A
[    0.569318] Linux agpgart interface v0.103
[    0.571076] loop: module loaded
[    0.571964] scsi host0: ata_piix
[    0.572598] scsi host1: ata_piix
[    0.573078] ata1: PATA max UDMA/33 cmd 0x1f0 ctl 0x3f6 bmdma 0xd000 irq 14
[    0.573957] ata2: PATA max UDMA/33 cmd 0x170 ctl 0x376 bmdma 0xd008 irq 15
[    0.574954] libphy: Fixed MDIO Bus: probed
[    0.575581] tun: Universal TUN/TAP device driver, 1.6
[    0.576426] PPP generic driver version 2.4.2
[    0.577263] ehci_hcd: USB 2.0 'Enhanced' Host Controller (EHCI) Driver
[    0.578130] ehci-pci: EHCI PCI platform driver
[    0.578809] ehci-platform: EHCI generic platform driver
[    0.579548] ohci_hcd: USB 1.1 'Open' Host Controller (OHCI) Driver
[    0.580365] ohci-pci: OHCI PCI platform driver
[    0.580977] ohci-platform: OHCI generic platform driver
[    0.581723] uhci_hcd: USB Universal Host Controller Interface driver
[    0.582585] i8042: PNP: PS/2 Controller [PNP0303:PS2K,PNP0f03:PS2M] at 0x60,0x64 irq 1,12
[    0.584408] serio: i8042 KBD port at 0x60,0x64 irq 1
[    0.585113] serio: i8042 AUX port at 0x60,0x64 irq 12
[    0.585943] mousedev: PS/2 mouse device common for all mice
[    0.587474] input: AT Translated Set 2 keyboard as /devices/platform/i8042/serio0/input/input2
[    0.588161] rtc_cmos rtc_cmos: rtc core: registered rtc_cmos as rtc0
[    0.589514] rtc_cmos rtc_cmos: alarms up to one day, 114 bytes nvram
[    0.590299] i2c /dev entries driver
[    0.590849] device-mapper: uevent: version 1.0.3
[    0.591507] device-mapper: ioctl: 4.37.0-ioctl (2017-09-20) initialised: dm-devel@redhat.com
[    0.592729] ledtrig-cpu: registered to indicate activity on CPUs
[    0.593889] NET: Registered protocol family 10
[    0.597810] Segment Routing with IPv6
[    0.598400] NET: Registered protocol family 17
[    0.599138] Key type dns_resolver registered
[    0.599849] mce: Using 0 MCE banks
[    0.600347] RAS: Correctable Errors collector initialized.
[    0.601044] sched_clock: Marking stable (600333107, 0)->(737471951, -137138844)
[    0.602270] registered taskstats version 1
[    0.602834] Loading compiled-in X.509 certificates
[    0.605632] Loaded X.509 cert 'Build time autogenerated kernel key: f44537957b99d83206ce3e6a27744bf062e80295'
[    0.606887] zswap: loaded using pool lzo/zbud
[    0.610563] Key type big_key registered
[    0.611854] Key type trusted registered
[    0.615304] Key type encrypted registered
[    0.615891] AppArmor: AppArmor sha1 policy hashing enabled
[    0.616619] ima: No TPM chip found, activating TPM-bypass! (rc=-19)
[    0.617416] ima: Allocated hash algorithm: sha1
[    0.618019] evm: HMAC attrs: 0x1
[    0.618639]   Magic number: 1:204:803
[    0.619216]   hash matches /build/linux-LfLFRN/linux-4.15.0/drivers/base/power/main.c:753
[    0.620446] rtc_cmos rtc_cmos: setting system clock to 2021-04-10 21:46:09 UTC (1618091169)
[    0.621685] BIOS EDD facility v0.16 2004-Jun-25, 0 devices found
[    0.622468] EDD information not available.
[    0.769772] Freeing unused kernel image memory: 2440K
[    0.780318] Write protecting the kernel read-only data: 20480k
[    0.783113] Freeing unused kernel image memory: 2008K
[    0.785182] Freeing unused kernel image memory: 1868K
[    0.796971] x86/mm: Checked W+X mappings: passed, no W+X pages found.
[    0.798165] x86/mm: Checking user space page tables
[    0.806095] x86/mm: Checked W+X mappings: passed, no W+X pages found.
Loading, please wait...
starting version 237
[    0.865747] e1000: Intel(R) PRO/1000 Network Driver - version 7.3.21-k8-NAPI
[    0.866766] e1000: Copyright (c) 1999-2006 Intel Corporation.
[    0.870139] Fusion MPT base driver 3.04.20
[    0.870799] Copyright (c) 1999-2008 LSI Corporation
[    0.883742] Fusion MPT SPI Host driver 3.04.20
[    0.886434] AVX2 version of gcm_enc/dec engaged.
[    0.887169] AES CTR mode by8 optimization enabled
[    1.084672] input: ImExPS/2 Generic Explorer Mouse as /devices/platform/i8042/serio1/input/input4
[    1.244844] e1000 0000:00:03.0 eth0: (PCI:33MHz:32-bit) 02:99:94:d0:f2:74
[    1.246323] e1000 0000:00:03.0 eth0: Intel(R) PRO/1000 Network Connection
[    1.249174] mptbase: ioc0: Initiating bringup
[    1.249240] e1000 0000:00:03.0 enp0s3: renamed from eth0
[    1.564805] ioc0: LSI53C1030 A0: Capabilities={Initiator}
[    4.151727] scsi host2: ioc0: LSI53C1030 A0, FwRev=00000000h, Ports=1, MaxQ=256, IRQ=20
[    5.485724] scsi 2:0:0:0: Direct-Access     VBOX     HARDDISK         1.0  PQ: 0 ANSI: 5
[    5.542584] scsi target2:0:0: Beginning Domain Validation
[    5.550301] scsi target2:0:0: Domain Validation skipping write tests
[    5.553948] scsi target2:0:0: Ending Domain Validation
[    5.556721] scsi target2:0:0: asynchronous
[    5.559723] scsi 2:0:1:0: Direct-Access     VBOX     HARDDISK         1.0  PQ: 0 ANSI: 5
[    6.532082] scsi target2:0:1: Beginning Domain Validation
[    6.538394] random: fast init done
[    6.540631] scsi target2:0:1: Domain Validation skipping write tests
[    6.543792] scsi target2:0:1: Ending Domain Validation
[    6.546537] scsi target2:0:1: asynchronous
[    6.563918] sd 2:0:0:0: Attached scsi generic sg0 type 0
[    6.563972] random: systemd-udevd: uninitialized urandom read (16 bytes read)
[    6.567274] sd 2:0:1:0: Attached scsi generic sg1 type 0
[    6.570506] random: systemd-udevd: uninitialized urandom read (16 bytes read)
[    6.574775] random: systemd-udevd: uninitialized urandom read (16 bytes read)
[    6.575037] sd 2:0:1:0: [sdb] 20480 512-byte logical blocks: (10.5 MB/10.0 MiB)
[    6.578942] sd 2:0:1:0: [sdb] Write Protect is off
[    6.578965] sd 2:0:0:0: [sda] 83886080 512-byte logical blocks: (42.9 GB/40.0 GiB)
[    6.580395] sd 2:0:1:0: [sdb] Incomplete mode parameter data
[    6.583145] sd 2:0:1:0: [sdb] Assuming drive cache: write through
[    6.583188] sd 2:0:0:0: [sda] Write Protect is off
[    6.587192] sd 2:0:0:0: [sda] Incomplete mode parameter data
[    6.588509] sd 2:0:0:0: [sda] Assuming drive cache: write through
[    6.631620]  sda: sda1
[    6.634150] sd 2:0:1:0: [sdb] Attached SCSI disk
[    6.635911] sd 2:0:0:0: [sda] Attached SCSI disk
Begin: Loading essential drivers ... [    8.068077] raid6: sse2x1   gen() 11902 MB/s
[    8.116060] raid6: sse2x1   xor()  8549 MB/s
[    8.164059] raid6: sse2x2   gen() 14690 MB/s
[    8.212059] raid6: sse2x2   xor()  9778 MB/s
[    8.260063] raid6: sse2x4   gen() 16739 MB/s
[    8.308068] raid6: sse2x4   xor()  9909 MB/s
[    8.356060] raid6: avx2x1   gen() 23660 MB/s
[    8.404059] raid6: avx2x1   xor() 16616 MB/s
[    8.452059] raid6: avx2x2   gen() 27883 MB/s
[    8.500057] raid6: avx2x2   xor() 17924 MB/s
[    8.548070] raid6: avx2x4   gen() 32957 MB/s
[    8.596063] raid6: avx2x4   xor() 19444 MB/s
[    8.596731] raid6: using algorithm avx2x4 gen() 32957 MB/s
[    8.597433] raid6: .... xor() 19444 MB/s, rmw enabled
[    8.598077] raid6: using avx2x2 recovery algorithm
[    8.599868] xor: automatically using best checksumming function   avx       
[    8.601958] async_tx: api initialized (async)
done.
Begin: Running /scripts/init-premount ... done.
Begin: Mounting root file system ... Begin: Running /scripts/local-top ... done.
Begin: Running /scripts/local-premount ... [    8.646158] Btrfs loaded, crc32c=crc32c-intel
Scanning for Btrfs filesystems
done.
Warning: fsck not present, so skipping root file system
[    8.865694] EXT4-fs (sda1): mounted filesystem with ordered data mode. Opts: (null)
done.
Begin: Running /scripts/local-bottom ... done.
Begin: Running /scripts/init-bottom ... done.
[    9.133153] ip_tables: (C) 2000-2006 Netfilter Core Team
[    9.148536] systemd[1]: systemd 237 running in system mode. (+PAM +AUDIT +SELINUX +IMA +APPARMOR +SMACK +SYSVINIT +UTMP +LIBCRYPTSETUP +GCRYPT +GNUTLS +ACL +XZ +LZ4 +SECCOMP +BLKID +ELFUTILS +KMOD -IDN2 +IDN -PCRE2 default-hierarchy=hybrid)
[    9.153412] systemd[1]: Detected virtualization oracle.
[    9.154511] systemd[1]: Detected architecture x86-64.

Welcome to [1mUbuntu 18.04.5 LTS[0m!

[    9.162159] systemd[1]: Set hostname to <ubuntu>.
[    9.167956] systemd[1]: Initializing machine ID from random generator.
[    9.168970] systemd[1]: Installed transient /etc/machine-id file.
[    9.507861] systemd[1]: Reached target Swap.
[[0;32m  OK  [0m] Reached target Swap.
[    9.509080] systemd[1]: Started Forward Password Requests to Wall Directory Watch.
[[0;32m  OK  [0m] Started Forward Password Requests to Wall Directory Watch.
[    9.511977] systemd[1]: Created slice System Slice.
[[0;32m  OK  [0m] Created slice System Slice.
[    9.513193] systemd[1]: Listening on fsck to fsckd communication Socket.
[[0;32m  OK  [0m] Listening on fsck to fsckd communication Socket.
[[0;32m  OK  [0m] Listening on Network Service Netlink Socket.
[[0;32m  OK  [0m] Listening on Journal Socket.
         Starting Uncomplicated firewall...
         Starting Create list of required st…ce nodes for the current kernel...
         Starting Set the console keyboard layout...
[[0;32m  OK  [0m] Listening on Device-mapper event daemon FIFOs.
         Starting File System Check on Root Device...
         Mounting Huge Pages File System...
[[0;32m  OK  [0m] Listening on Journal Audit Socket.
[[0;32m  OK  [0m] Reached target System Time Synchronized.
[[0;32m  OK  [0m] Reached target User and Group Name Lookups.
[[0;32m  OK  [0m] Listening on udev Control Socket.
[[0;32m  OK  [0m] Created slice User and Session Slice.
[[0;32m  OK  [0m] Reached target Slices.
         Starting Load Kernel Modules...
         Mounting Kernel Debug File System...
         Mounting POSIX Message Queue File System...
[[0;32m  OK  [0m] Created slice system-serial\x2dgetty.slice.
[[0;32m  OK  [0m] Listening on Syslog Socket.
[[0;32m  OK  [0m] Listening on /dev/initctl Compatibility Named Pipe.
[[0;32m  OK  [0m] Listening on Journal Socket (/dev/log).
         Starting Journal Service...
[[0;32m  OK  [0m] Listening on LVM2 metadata daemon socket.
         Starting Monitoring of LVM2 mirrors…ng dmeventd or progress polling...
[[0;32m  OK  [0m] Listening on udev Kernel Socket.
         Starting udev Coldplug all Devices...
[[0;32m  OK  [0m] Set up automount Arbitrary Executab…rmats File System Automount Point.
[    9.574257] Loading iSCSI transport class v2.0-870.
[    9.580902] iscsi: registered transport (tcp)
[[0;32m  OK  [0m] Listening on LVM2 poll daemon socket.
[[0;32m  OK  [0m] Started Uncomplicated firewall.
[[0;32m  OK  [0m] Started Create list of required sta…vice nodes for the current kernel.
[[0;32m  OK  [0m] Mounted Huge Pages File System.
[[0;32m  OK  [0m] Mounted Kernel Debug File System.
[[0;32m  OK  [0m] Mounted POSIX Message Queue File System.
[[0;32m  OK  [0m] Started LVM2 metadata daemon.
[[0;32m  OK  [0m] Started File System Check Daemon to report status.
         Starting Create Static Device Nodes in /dev...
[[0;32m  OK  [0m] Started Journal Service.
[[0;32m  OK  [0m] Started File System Check on Root Device.
         Starting Remount Root and Kernel File Systems...
[    9.703685] iscsi: registered transport (iser)
[[0;32m  OK  [0m] Started Load Kernel Modules.
         Starting Apply Kernel Variables...
         Mounting FUSE Control File System...
         Mounting Kernel Configuration File System...
[[0;32m  OK  [0m] Started udev Coldplug all Devices.
[[0;32m  OK  [0m] Mounted FUSE Control File System.
[[0;32m  OK  [0m] Mounted Kernel Configuration File System.
[[0;32m  OK  [0m] Started Create Static Device Nodes in /dev.
[[0;32m  OK  [0m] Started Remount Root and Kernel File Systems.
         Starting udev Kernel Device Manager...
         Starting Load/Save Random Seed...
         Starting Flush Journal to Persistent Storage...
[[0;32m  OK  [0m] Started Monitoring of LVM2 mirrors,…sing dmeventd or progress polling.
[[0;32m  OK  [0m] Started Apply Kernel Variables.
[[0;32m  OK  [0m] Started Set the console keyboard layout.
[[0;32m  OK  [0m] Reached target Local File Systems (Pre).
[[0;32m  OK  [0m] Reached target Local File Systems.
         Starting AppArmor initialization...
         Starting ebtables ruleset management...
         Starting Set console font and keymap...
         Starting Tell Plymouth To Write Out Runtime Data...
         Starting Commit a transient machine-id on disk...
[[0;32m  OK  [0m] Started udev Kernel Device Manager.
[[0;32m  OK  [0m] Started Load/Save Random Seed.
[[0;32m  OK  [0m] Started Dispatch Password Requests to Console Directory Watch.
[[0;32m  OK  [0m] Reached target Local Encrypted Volumes.
[[0;32m  OK  [0m] Started Set console font and keymap.
[[0;32m  OK  [0m] Started Tell Plymouth To Write Out Runtime Data.
[[0;32m  OK  [0m] Started Flush Journal to Persistent Storage.
         Starting Create Volatile Files and Directories...
[[0;32m  OK  [0m] Started Create Volatile Files and Directories.
         Starting Update UTMP about System Boot/Shutdown...
[[0;32m  OK  [0m] Started Commit a transient machine-id on disk.
[[0;32m  OK  [0m] Started Update UTMP about System Boot/Shutdown.
[[0;32m  OK  [0m] Started ebtables ruleset management.
[[0;32m  OK  [0m] Found device /dev/ttyS0.
[[0;32m  OK  [0m] Listening on Load/Save RF Kill Switch Status /dev/rfkill Watch.
[[0;32m  OK  [0m] Started AppArmor initialization.
         Starting Initial cloud-init job (pre-networking)...
         Starting Load AppArmor profiles managed internally by snapd...
[[0;32m  OK  [0m] Started Load AppArmor profiles managed internally by snapd.
[   12.621481] cloud-init[560]: Cloud-init v. 20.4.1-0ubuntu1~18.04.1 running 'init-local' at Sat, 10 Apr 2021 21:46:20 +0000. Up 12.07 seconds.
[[0;32m  OK  [0m] Started Initial cloud-init job (pre-networking).
[[0;32m  OK  [0m] Reached target Network (Pre).
         Starting Network Service...
[[0;32m  OK  [0m] Started Network Service.
         Starting Wait for Network to be Configured...
         Starting Network Name Resolution...
[[0;32m  OK  [0m] Started Network Name Resolution.
[[0;32m  OK  [0m] Reached target Network.
[[0;32m  OK  [0m] Reached target Host and Network Name Lookups.
[[0;32m  OK  [0m] Started Wait for Network to be Configured.
         Starting Initial cloud-init job (metadata service crawler)...
[   15.482989] cloud-init[698]: Cloud-init v. 20.4.1-0ubuntu1~18.04.1 running 'init' at Sat, 10 Apr 2021 21:46:24 +0000. Up 15.36 seconds.
[   15.483968] cloud-init[698]: ci-info: ++++++++++++++++++++++++++++++++++++++Net device info++++++++++++++++++++++++++++++++++++++
[   15.485795] cloud-init[698]: ci-info: +--------+------+----------------------------+---------------+--------+-------------------+
[   15.486891] cloud-init[698]: ci-info: | Device |  Up  |          Address           |      Mask     | Scope  |     Hw-Address    |
[   15.487902] cloud-init[698]: ci-info: +--------+------+----------------------------+---------------+--------+-------------------+
[   15.488981] cloud-init[698]: ci-info: | enp0s3 | True |         10.0.2.15          | 255.255.255.0 | global | 02:99:94:d0:f2:74 |
[   15.490018] cloud-init[698]: ci-info: | enp0s3 | True | fe80::99:94ff:fed0:f274/64 |       .       |  link  | 02:99:94:d0:f2:74 |
[   15.491000] cloud-init[698]: ci-info: |   lo   | True |         127.0.0.1          |   255.0.0.0   |  host  |         .         |
[   15.492101] cloud-init[698]: ci-info: |   lo   | True |          ::1/128           |       .       |  host  |         .         |
[   15.493149] cloud-init[698]: ci-info: +--------+------+----------------------------+---------------+--------+-------------------+
[   15.494090] cloud-init[698]: ci-info: ++++++++++++++++++++++++++++Route IPv4 info+++++++++++++++++++++++++++++
[   15.494910] cloud-init[698]: ci-info: +-------+-------------+----------+-----------------+-----------+-------+
[   15.495948] cloud-init[698]: ci-info: | Route | Destination | Gateway  |     Genmask     | Interface | Flags |
[   15.496914] cloud-init[698]: ci-info: +-------+-------------+----------+-----------------+-----------+-------+
[   15.497817] cloud-init[698]: ci-info: |   0   |   0.0.0.0   | 10.0.2.2 |     0.0.0.0     |   enp0s3  |   UG  |
[   15.498582] cloud-init[698]: ci-info: |   1   |   10.0.2.0  | 0.0.0.0  |  255.255.255.0  |   enp0s3  |   U   |
[   15.499466] cloud-init[698]: ci-info: |   2   |   10.0.2.2  | 0.0.0.0  | 255.255.255.255 |   enp0s3  |   UH  |
[   15.500228] cloud-init[698]: ci-info: +-------+-------------+----------+-----------------+-----------+-------+
[   15.501140] cloud-init[698]: ci-info: +++++++++++++++++++Route IPv6 info+++++++++++++++++++
[   15.501734] cloud-init[698]: ci-info: +-------+-------------+---------+-----------+-------+
[   15.502550] cloud-init[698]: ci-info: | Route | Destination | Gateway | Interface | Flags |
[   15.503299] cloud-init[698]: ci-info: +-------+-------------+---------+-----------+-------+
[   15.504180] cloud-init[698]: ci-info: |   1   |  fe80::/64  |    ::   |   enp0s3  |   U   |
[   15.504987] cloud-init[698]: ci-info: |   3   |    local    |    ::   |   enp0s3  |   U   |
[   15.505730] cloud-init[698]: ci-info: |   4   |   ff00::/8  |    ::   |   enp0s3  |   U   |
[   15.506522] cloud-init[698]: ci-info: +-------+-------------+---------+-----------+-------+
[   16.591418] cloud-init[698]: Generating public/private rsa key pair.
[   16.592846] cloud-init[698]: Your identification has been saved in /etc/ssh/ssh_host_rsa_key.
[   16.594598] cloud-init[698]: Your public key has been saved in /etc/ssh/ssh_host_rsa_key.pub.
[   16.595946] cloud-init[698]: The key fingerprint is:
[   16.596782] cloud-init[698]: SHA256:dpnnRO/3YkXb+H4lfkAAwd2aWlX1caFDdDTco1xTP7s root@ubuntu-bionic
[   16.597903] cloud-init[698]: The key's randomart image is:
[   16.598638] cloud-init[698]: +---[RSA 2048]----+
[   16.599105] cloud-init[698]: |         .o+.+oBX|
[   16.599754] cloud-init[698]: |          . + ==B|
[   16.600268] cloud-init[698]: |            oBo.=|
[   16.600801] cloud-init[698]: |           +++o +|
[   16.601409] cloud-init[698]: |        S +oo..+o|
[   16.601862] cloud-init[698]: |       . ..+ .+.=|
[   16.602484] cloud-init[698]: |            ...Eo|
[   16.602974] cloud-init[698]: |              +.=|
[   16.603525] cloud-init[698]: |             . ++|
[   16.603965] cloud-init[698]: +----[SHA256]-----+
[   16.604567] cloud-init[698]: Generating public/private dsa key pair.
[   16.605390] cloud-init[698]: Your identification has been saved in /etc/ssh/ssh_host_dsa_key.
[   16.606324] cloud-init[698]: Your public key has been saved in /etc/ssh/ssh_host_dsa_key.pub.
[   16.607216] cloud-init[698]: The key fingerprint is:
[   16.607865] cloud-init[698]: SHA256:Fj7h2cIPWS9B01AzQgiPW/iyx19rszrbOEmvr5fWZbc root@ubuntu-bionic
[   16.608881] cloud-init[698]: The key's randomart image is:
[   16.609453] cloud-init[698]: +---[DSA 1024]----+
[   16.609953] cloud-init[698]: |      .. o*++    |
[   16.610546] cloud-init[698]: |       +.. o.o   |
[   16.611063] cloud-init[698]: |      o = o      |
[   16.611665] cloud-init[698]: |       B B o     |
[   16.612173] cloud-init[698]: |      o S o .    |
[   16.612722] cloud-init[698]: |       = =..    +|
[   16.613249] cloud-init[698]: |      . o..o.o oo|
[   16.613717] cloud-init[698]: |       . .++B..E |
[   16.614189] cloud-init[698]: |          B%=o   |
[   16.614654] cloud-init[698]: +----[SHA256]-----+
[   16.615162] cloud-init[698]: Generating public/private ecdsa key pair.
[   16.615839] cloud-init[698]: Your identification has been saved in /etc/ssh/ssh_host_ecdsa_key.
[   16.616703] cloud-init[698]: Your public key has been saved in /etc/ssh/ssh_host_ecdsa_key.pub.
[   16.617543] cloud-init[698]: The key fingerprint is:
[   16.617989] cloud-init[698]: SHA256:/ZZYGCTe4zZZh+fc/6bGfuKzKJDEGReZ3mkQ95O0S2A root@ubuntu-bionic
[   16.618881] cloud-init[698]: The key's randomart image is:
[   16.619452] cloud-init[698]: +---[ECDSA 256]---+
[   16.619925] cloud-init[698]: |        . +=E .  |
[   16.620413] cloud-init[698]: |       ..+=o = o |
[   16.620910] cloud-init[698]: |       ..=+oo.O  |
[   16.621413] cloud-init[698]: |        +o.*+* + |
[   16.621925] cloud-init[698]: |       .S.B.. + .|
[   16.622429] cloud-init[698]: |        o. = .  .|
[   16.622887] cloud-init[698]: |         .. +.  .|
[   16.623374] cloud-init[698]: |          .. .= +|
[   16.623836] cloud-init[698]: |           ..+=B.|
[   16.624354] cloud-init[698]: +----[SHA256]-----+
[   16.624873] cloud-init[698]: Generating public/private ed25519 key pair.
[   16.625525] cloud-init[698]: Your identification has been saved in /etc/ssh/ssh_host_ed25519_key.
[   16.626324] cloud-init[698]: Your public key has been saved in /etc/ssh/ssh_host_ed25519_key.pub.
[   16.627154] cloud-init[698]: The key fingerprint is:
[   16.627712] cloud-init[698]: SHA256:c1trWy+s9xhUO4AHauGOGQDrYiWNF5yqC8SEnUUeku0 root@ubuntu-bionic
[   16.628625] cloud-init[698]: The key's randomart image is:
[   16.629283] cloud-init[698]: +--[ED25519 256]--+
[   16.629643] cloud-init[698]: |..oO*.   . .     |
[   16.630058] cloud-init[698]: |..*=+.. . o o    |
[   16.630469] cloud-init[698]: |oo.*.  . + . o  .|
[   16.630903] cloud-init[698]: | += E   *   . ...|
[   16.631372] cloud-init[698]: |oo .   oS.. . .o |
[   16.631876] cloud-init[698]: |+ .      o o o  .|
[   16.632473] cloud-init[698]: |..        . o.o  |
[   16.632993] cloud-init[698]: |.          . o++ |
[   16.633449] cloud-init[698]: |            oo.oo|
[   16.633885] cloud-init[698]: +----[SHA256]-----+
[[0;32m  OK  [0m] Started Initial cloud-init job (metadata service crawler).
[[0;32m  OK  [0m] Reached target Cloud-config availability.
[[0;32m  OK  [0m] Reached target System Initialization.
[[0;32m  OK  [0m] Listening on UUID daemon activation socket.
[[0;32m  OK  [0m] Started Message of the Day.
[[0;32m  OK  [0m] Started Daily Cleanup of Temporary Directories.
[[0;32m  OK  [0m] Listening on D-Bus System Message Bus Socket.
[[0;32m  OK  [0m] Listening on ACPID Listen Socket.
         Starting LXD - unix socket.
[[0;32m  OK  [0m] Listening on Open-iSCSI iscsid Socket.
[[0;32m  OK  [0m] Started ACPI Events Check.
[[0;32m  OK  [0m] Started Discard unused blocks once a week.
         Starting Socket activation for snappy daemon.
[[0;32m  OK  [0m] Reached target Paths.
[[0;32m  OK  [0m] Started Daily apt download activities.
[[0;32m  OK  [0m] Started Daily apt upgrade and clean activities.
[[0;32m  OK  [0m] Reached target Timers.
[[0;32m  OK  [0m] Reached target Network is Online.
[[0;32m  OK  [0m] Reached target Remote File Systems (Pre).
[[0;32m  OK  [0m] Reached target Remote File Systems.
         Starting Availability of block devices...
[[0;32m  OK  [0m] Listening on LXD - unix socket.
[[0;32m  OK  [0m] Listening on Socket activation for snappy daemon.
[[0;32m  OK  [0m] Reached target Sockets.
[[0;32m  OK  [0m] Reached target Basic System.
[[0;32m  OK  [0m] Started Regular background program processing daemon.
[[0;32m  OK  [0m] Started Deferred execution scheduler.
         Starting Accounts Service...
         Starting Pollinate to seed the pseudo random number generator...
         Starting LSB: automatic crash report generation...
         Starting Permit User Sessions...
         Starting System Logging Service...
         Starting Snap Daemon...
         Starting Virtualbox guest utils...
         Starting LSB: Record successful boot for GRUB...
[[0;32m  OK  [0m] Started irqbalance daemon.
[[0;32m  OK  [0m] Started D-Bus System Message Bus.
[[0;32m  OK  [0m] Started FUSE filesystem for LXC.
         Starting Dispatcher daemon for systemd-networkd...
         Starting Login Service...
         Starting LXD - container startup/shutdown...
[[0;32m  OK  [0m] Started System Logging Service.
[[0;32m  OK  [0m] Started Availability of block devices.
[[0;32m  OK  [0m] Started Permit User Sessions.
         Starting Authorization Manager...
         Starting Terminate Plymouth Boot Screen...
         Starting Hold until boot process finishes up...
[[0;32m  OK  [0m] Started Hold until boot process finishes up.
[[0;32m  OK  [0m] Started Serial Getty on ttyS0.
         Starting Set console scheme...
[[0;32m  OK  [0m] Started Terminate Plymouth Boot Screen.
[[0;32m  OK  [0m] Started Login Service.
[[0;32m  OK  [0m] Started Unattended Upgrades Shutdown.
[[0;32m  OK  [0m] Started LSB: automatic crash report generation.
[[0;32m  OK  [0m] Started Set console scheme.
[[0;32m  OK  [0m] Created slice system-getty.slice.
[[0;32m  OK  [0m] Started Getty on tty1.
[[0;32m  OK  [0m] Reached target Login Prompts.
[[0;32m  OK  [0m] Started LSB: Record successful boot for GRUB.
[[0;32m  OK  [0m] Started Authorization Manager.
[[0;32m  OK  [0m] Started Accounts Service.
[[0;32m  OK  [0m] Started Virtualbox guest utils.
[[0;32m  OK  [0m] Started LXD - container startup/shutdown.
[[0;32m  OK  [0m] Started Dispatcher daemon for systemd-networkd.
[[0;32m  OK  [0m] Started Snap Daemon.
         Starting Wait until snapd is fully seeded...
[[0;32m  OK  [0m] Started Pollinate to seed the pseudo random number generator.
         Starting OpenBSD Secure Shell server...
[[0;32m  OK  [0m] Started OpenBSD Secure Shell server.
[[0;32m  OK  [0m] Created slice User Slice of vagrant.
         Starting User Manager for UID 1000...
[[0;32m  OK  [0m] Started Session 1 of user vagrant.
[[0;32m  OK  [0m] Started User Manager for UID 1000.

Ubuntu 18.04.5 LTS ubuntu-bionic ttyS0

ubuntu-bionic login: [   24.241770] cloud-init[1541]: Cloud-init v. 20.4.1-0ubuntu1~18.04.1 running 'modules:config' at Sat, 10 Apr 2021 21:46:32 +0000. Up 23.83 seconds.
ci-info: no authorized SSH keys fingerprints found for user ubuntu.
<14>Apr 10 21:46:33 ec2: 
<14>Apr 10 21:46:33 ec2: #############################################################
<14>Apr 10 21:46:33 ec2: -----BEGIN SSH HOST KEY FINGERPRINTS-----
<14>Apr 10 21:46:33 ec2: 1024 SHA256:Fj7h2cIPWS9B01AzQgiPW/iyx19rszrbOEmvr5fWZbc root@ubuntu-bionic (DSA)
<14>Apr 10 21:46:33 ec2: 256 SHA256:/ZZYGCTe4zZZh+fc/6bGfuKzKJDEGReZ3mkQ95O0S2A root@ubuntu-bionic (ECDSA)
<14>Apr 10 21:46:33 ec2: 256 SHA256:c1trWy+s9xhUO4AHauGOGQDrYiWNF5yqC8SEnUUeku0 root@ubuntu-bionic (ED25519)
<14>Apr 10 21:46:33 ec2: 2048 SHA256:dpnnRO/3YkXb+H4lfkAAwd2aWlX1caFDdDTco1xTP7s root@ubuntu-bionic (RSA)
<14>Apr 10 21:46:33 ec2: -----END SSH HOST KEY FINGERPRINTS-----
<14>Apr 10 21:46:33 ec2: #############################################################
-----BEGIN SSH HOST KEY KEYS-----
ecdsa-sha2-nistp256 AAAAE2VjZHNhLXNoYTItbmlzdHAyNTYAAAAIbmlzdHAyNTYAAABBBPb7I1D4G9DLc1/DW/QzJVjvVII/gNUylF1ljzX4TWqKzlDcqW8yXKje3W06NPQTpyY+o43mctH5aug+RGqD2Tc= root@ubuntu-bionic
ssh-ed25519 AAAAC3NzaC1lZDI1NTE5AAAAIEw3y/avN7DiSjWvBIu2ZEUSEndqK7Rfq1wvAuvaRT4H root@ubuntu-bionic
ssh-rsa AAAAB3NzaC1yc2EAAAADAQABAAABAQCvMIMwGl1SebH7gbaYAFSt+ba/FlzR40ZYWA2nwOPdw18I/AtL6KkdTsB1UJ7hY8VcDcrqdX8MOiCuvWqPfTz2iXttGJCR9Bx+4b0knW/QzxsvwiuzNKALE/Y707twGCmQXaEZvrKAk/elaSMtbTiNBVLNIbnn1beaBJTfGcfJWh6O3jtOcveuUy9PqpZRUygKDrll3ltJJhRw284C4n1STeErgRqJyccRsgNmwVQnwnEVI8U2L3fT4vEiJIyEjz4fkz+HARZVliBZ91Yurldt8+BWyOr6lqP8J4iqOE+bftTTPGJkrHwSGbbPWSUOf9NT3eX6aM8pUm5AUJdnV1fH root@ubuntu-bionic
-----END SSH HOST KEY KEYS-----
[   24.760289] cloud-init[1690]: Cloud-init v. 20.4.1-0ubuntu1~18.04.1 running 'modules:final' at Sat, 10 Apr 2021 21:46:33 +0000. Up 24.61 seconds.
[   24.760393] cloud-init[1690]: ci-info: no authorized SSH keys fingerprints found for user ubuntu.
[   24.761100] cloud-init[1690]: Cloud-init v. 20.4.1-0ubuntu1~18.04.1 finished at Sat, 10 Apr 2021 21:46:33 +0000. Datasource DataSourceNoCloud [seed=/dev/sdb][dsmode=net].  Up 24.75 seconds
