[    0.000000] Linux version 4.15.0-140-generic (buildd@lgw01-amd64-054) (gcc version 7.5.0 (Ubuntu 7.5.0-3ubuntu1~18.04)) #144-Ubuntu SMP Fri Mar 19 14:12:35 UTC 2021 (Ubuntu 4.15.0-140.144-generic 4.15.18)
[    0.000000] Command line: BOOT_IMAGE=/boot/vmlinuz-4.15.0-140-generic root=LABEL=cloudimg-rootfs ro console=tty1 console=ttyS0
[    0.000000] KERNEL supported cpus:
[    0.000000]   Intel GenuineIntel
[    0.000000]   AMD AuthenticAMD
[    0.000000]   Centaur CentaurHauls
[    0.000000] x86/fpu: Supporting XSAVE feature 0x001: 'x87 floating point registers'
[    0.000000] x86/fpu: Supporting XSAVE feature 0x002: 'SSE registers'
[    0.000000] x86/fpu: Supporting XSAVE feature 0x004: 'AVX registers'
[    0.000000] x86/fpu: xstate_offset[2]:  576, xstate_sizes[2]:  256
[    0.000000] x86/fpu: Enabled xstate features 0x7, context size is 832 bytes, using 'standard' format.
[    0.000000] e820: BIOS-provided physical RAM map:
[    0.000000] BIOS-e820: [mem 0x0000000000000000-0x000000000009fbff] usable
[    0.000000] BIOS-e820: [mem 0x000000000009fc00-0x000000000009ffff] reserved
[    0.000000] BIOS-e820: [mem 0x00000000000f0000-0x00000000000fffff] reserved
[    0.000000] BIOS-e820: [mem 0x0000000000100000-0x000000003ffeffff] usable
[    0.000000] BIOS-e820: [mem 0x000000003fff0000-0x000000003fffffff] ACPI data
[    0.000000] BIOS-e820: [mem 0x00000000fec00000-0x00000000fec00fff] reserved
[    0.000000] BIOS-e820: [mem 0x00000000fee00000-0x00000000fee00fff] reserved
[    0.000000] BIOS-e820: [mem 0x00000000fffc0000-0x00000000ffffffff] reserved
[    0.000000] NX (Execute Disable) protection: active
[    0.000000] SMBIOS 2.5 present.
[    0.000000] DMI: innotek GmbH VirtualBox/VirtualBox, BIOS VirtualBox 12/01/2006
[    0.000000] Hypervisor detected: KVM
[    0.000000] e820: last_pfn = 0x3fff0 max_arch_pfn = 0x400000000
[    0.000000] MTRR: Disabled
[    0.000000] x86/PAT: MTRRs disabled, skipping PAT initialization too.
[    0.000000] CPU MTRRs all blank - virtualized system.
[    0.000000] x86/PAT: Configuration [0-7]: WB  WT  UC- UC  WB  WT  UC- UC  
[    0.000000] found SMP MP-table at [mem 0x0009fff0-0x0009ffff]
[    0.000000] Scanning 1 areas for low memory corruption
[    0.000000] RAMDISK: [mem 0x35a63000-0x36d28fff]
[    0.000000] ACPI: Early table checksum verification disabled
[    0.000000] ACPI: RSDP 0x00000000000E0000 000024 (v02 VBOX  )
[    0.000000] ACPI: XSDT 0x000000003FFF0030 00003C (v01 VBOX   VBOXXSDT 00000001 ASL  00000061)
[    0.000000] ACPI: FACP 0x000000003FFF00F0 0000F4 (v04 VBOX   VBOXFACP 00000001 ASL  00000061)
[    0.000000] ACPI: DSDT 0x000000003FFF0470 002325 (v02 VBOX   VBOXBIOS 00000002 INTL 20190509)
[    0.000000] ACPI: FACS 0x000000003FFF0200 000040
[    0.000000] ACPI: FACS 0x000000003FFF0200 000040
[    0.000000] ACPI: APIC 0x000000003FFF0240 00005C (v02 VBOX   VBOXAPIC 00000001 ASL  00000061)
[    0.000000] ACPI: SSDT 0x000000003FFF02A0 0001CC (v01 VBOX   VBOXCPUT 00000002 INTL 20190509)
[    0.000000] No NUMA configuration found
[    0.000000] Faking a node at [mem 0x0000000000000000-0x000000003ffeffff]
[    0.000000] NODE_DATA(0) allocated [mem 0x3ffc5000-0x3ffeffff]
[    0.000000] kvm-clock: cpu 0, msr 0:3ff44001, primary cpu clock
[    0.000000] kvm-clock: Using msrs 4b564d01 and 4b564d00
[    0.000000] kvm-clock: using sched offset of 3670760173 cycles
[    0.000000] clocksource: kvm-clock: mask: 0xffffffffffffffff max_cycles: 0x1cd42e4dffb, max_idle_ns: 881590591483 ns
[    0.000000] Zone ranges:
[    0.000000]   DMA      [mem 0x0000000000001000-0x0000000000ffffff]
[    0.000000]   DMA32    [mem 0x0000000001000000-0x000000003ffeffff]
[    0.000000]   Normal   empty
[    0.000000]   Device   empty
[    0.000000] Movable zone start for each node
[    0.000000] Early memory node ranges
[    0.000000]   node   0: [mem 0x0000000000001000-0x000000000009efff]
[    0.000000]   node   0: [mem 0x0000000000100000-0x000000003ffeffff]
[    0.000000] Reserved but unavailable: 98 pages
[    0.000000] Initmem setup node 0 [mem 0x0000000000001000-0x000000003ffeffff]
[    0.000000] ACPI: PM-Timer IO Port: 0x4008
[    0.000000] IOAPIC[0]: apic_id 2, version 32, address 0xfec00000, GSI 0-23
[    0.000000] ACPI: INT_SRC_OVR (bus 0 bus_irq 0 global_irq 2 dfl dfl)
[    0.000000] ACPI: INT_SRC_OVR (bus 0 bus_irq 9 global_irq 9 low level)
[    0.000000] Using ACPI (MADT) for SMP configuration information
[    0.000000] smpboot: Allowing 2 CPUs, 0 hotplug CPUs
[    0.000000] PM: Registered nosave memory: [mem 0x00000000-0x00000fff]
[    0.000000] PM: Registered nosave memory: [mem 0x0009f000-0x0009ffff]
[    0.000000] PM: Registered nosave memory: [mem 0x000a0000-0x000effff]
[    0.000000] PM: Registered nosave memory: [mem 0x000f0000-0x000fffff]
[    0.000000] e820: [mem 0x40000000-0xfebfffff] available for PCI devices
[    0.000000] Booting paravirtualized kernel on KVM
[    0.000000] clocksource: refined-jiffies: mask: 0xffffffff max_cycles: 0xffffffff, max_idle_ns: 7645519600211568 ns
[    0.000000] random: get_random_bytes called from start_kernel+0x99/0x500 with crng_init=0
[    0.000000] setup_percpu: NR_CPUS:8192 nr_cpumask_bits:2 nr_cpu_ids:2 nr_node_ids:1
[    0.000000] percpu: Embedded 45 pages/cpu s147456 r8192 d28672 u1048576
[    0.000000] PV qspinlock hash table entries: 256 (order: 0, 4096 bytes)
[    0.000000] Built 1 zonelists, mobility grouping on.  Total pages: 257913
[    0.000000] Policy zone: DMA32
[    0.000000] Kernel command line: BOOT_IMAGE=/boot/vmlinuz-4.15.0-140-generic root=LABEL=cloudimg-rootfs ro console=tty1 console=ttyS0
[    0.000000] Memory: 983020K/1048120K available (12300K kernel code, 2483K rwdata, 4276K rodata, 2440K init, 2724K bss, 65100K reserved, 0K cma-reserved)
[    0.000000] SLUB: HWalign=64, Order=0-3, MinObjects=0, CPUs=2, Nodes=1
[    0.000000] Kernel/User page tables isolation: enabled
[    0.000000] ftrace: allocating 39429 entries in 155 pages
[    0.004000] Hierarchical RCU implementation.
[    0.004000] 	RCU restricting CPUs from NR_CPUS=8192 to nr_cpu_ids=2.
[    0.004000] 	Tasks RCU enabled.
[    0.004000] RCU: Adjusting geometry for rcu_fanout_leaf=16, nr_cpu_ids=2
[    0.004000] NR_IRQS: 524544, nr_irqs: 440, preallocated irqs: 16
[    0.004000] Console: colour VGA+ 80x25
[    0.004000] console [tty1] enabled
[    0.004000] console [ttyS0] enabled
[    0.004000] ACPI: Core revision 20170831
[    0.004000] ACPI: 2 ACPI AML tables successfully acquired and loaded
[    0.004000] APIC: Switch to symmetric I/O mode setup
[    0.004000] x2apic enabled
[    0.004000] Switched APIC routing to physical x2apic.
[    0.004000] ..TIMER: vector=0x30 apic1=0 pin1=2 apic2=-1 pin2=-1
[    0.004000] tsc: Detected 1799.997 MHz processor
[    0.004012] Calibrating delay loop (skipped) preset value.. 3599.99 BogoMIPS (lpj=7199988)
[    0.005065] pid_max: default: 32768 minimum: 301
[    0.005697] Security Framework initialized
[    0.006299] Yama: becoming mindful.
[    0.006854] AppArmor: AppArmor initialized
[    0.008000] Dentry cache hash table entries: 131072 (order: 8, 1048576 bytes)
[    0.008059] Inode-cache hash table entries: 65536 (order: 7, 524288 bytes)
[    0.008987] Mount-cache hash table entries: 2048 (order: 2, 16384 bytes)
[    0.009859] Mountpoint-cache hash table entries: 2048 (order: 2, 16384 bytes)
[    0.012255] Last level iTLB entries: 4KB 64, 2MB 8, 4MB 8
[    0.012974] Last level dTLB entries: 4KB 64, 2MB 0, 4MB 0, 1GB 4
[    0.013787] Spectre V1 : Mitigation: usercopy/swapgs barriers and __user pointer sanitization
[    0.014875] Spectre V2 : Mitigation: Full generic retpoline
[    0.016001] Spectre V2 : Spectre v2 / SpectreRSB mitigation: Filling RSB on context switch
[    0.017063] Speculative Store Bypass: Vulnerable
[    0.017711] SRBDS: Unknown: Dependent on hypervisor status
[    0.018458] MDS: Mitigation: Clear CPU buffers
[    0.019214] Freeing SMP alternatives memory: 36K
[    0.129660] smpboot: CPU0: Intel(R) Core(TM) i5-8250U CPU @ 1.60GHz (family: 0x6, model: 0x8e, stepping: 0xa)
[    0.131077] Performance Events: unsupported p6 CPU model 142 no PMU driver, software events only.
[    0.132000] Hierarchical SRCU implementation.
[    0.132000] NMI watchdog: Perf event create on CPU 0 failed with -2
[    0.132002] NMI watchdog: Perf NMI watchdog permanently disabled
[    0.132875] smp: Bringing up secondary CPUs ...
[    0.133545] x86: Booting SMP configuration:
[    0.134164] .... node  #0, CPUs:      #1
[    0.004000] kvm-clock: cpu 1, msr 0:3ff44041, secondary cpu clock
[    0.138343] smp: Brought up 1 node, 2 CPUs
[    0.138343] smpboot: Max logical packages: 1
[    0.138343] smpboot: Total of 2 processors activated (7199.98 BogoMIPS)
[    0.140117] devtmpfs: initialized
[    0.140544] x86/mm: Memory block size: 128MB
[    0.141289] evm: security.selinux
[    0.141765] evm: security.SMACK64
[    0.142237] evm: security.SMACK64EXEC
[    0.142737] evm: security.SMACK64TRANSMUTE
[    0.144003] evm: security.SMACK64MMAP
[    0.144504] evm: security.apparmor
[    0.145041] evm: security.ima
[    0.145494] evm: security.capability
[    0.146044] clocksource: jiffies: mask: 0xffffffff max_cycles: 0xffffffff, max_idle_ns: 7645041785100000 ns
[    0.146044] futex hash table entries: 512 (order: 3, 32768 bytes)
[    0.148592] pinctrl core: initialized pinctrl subsystem
[    0.150654] RTC time: 22:46:53, date: 04/10/21
[    0.152000] NET: Registered protocol family 16
[    0.152080] audit: initializing netlink subsys (disabled)
[    0.152899] audit: type=2000 audit(1618094819.273:1): state=initialized audit_enabled=0 res=1
[    0.156009] cpuidle: using governor ladder
[    0.156576] cpuidle: using governor menu
[    0.157168] ACPI: bus type PCI registered
[    0.157716] acpiphp: ACPI Hot Plug PCI Controller Driver version: 0.5
[    0.158609] PCI: Using configuration type 1 for base access
[    0.160214] HugeTLB registered 2.00 MiB page size, pre-allocated 0 pages
[    0.160916] ACPI: Added _OSI(Module Device)
[    0.160916] ACPI: Added _OSI(Processor Device)
[    0.161319] ACPI: Added _OSI(3.0 _SCP Extensions)
[    0.162001] ACPI: Added _OSI(Processor Aggregator Device)
[    0.164003] ACPI: Added _OSI(Linux-Dell-Video)
[    0.164613] ACPI: Added _OSI(Linux-Lenovo-NV-HDMI-Audio)
[    0.165309] ACPI: Added _OSI(Linux-HPI-Hybrid-Graphics)
[    0.166272] ACPI: Executed 1 blocks of module-level executable AML code
[    0.169913] ACPI: Interpreter enabled
[    0.170500] ACPI: (supports S0 S5)
[    0.171035] ACPI: Using IOAPIC for interrupt routing
[    0.171926] PCI: Using host bridge windows from ACPI; if necessary, use "pci=nocrs" and report a bug
[    0.172142] ACPI: Enabled 2 GPEs in block 00 to 07
[    0.178451] ACPI: PCI Root Bridge [PCI0] (domain 0000 [bus 00-ff])
[    0.179326] acpi PNP0A03:00: _OSC: OS supports [ASPM ClockPM Segments MSI]
[    0.180389] acpi PNP0A03:00: _OSC: not requesting OS control; OS requires [ExtendedConfig ASPM ClockPM MSI]
[    0.181667] acpi PNP0A03:00: fail to add MMCONFIG information, can't access extended PCI configuration space under this bridge.
[    0.184325] PCI host bridge to bus 0000:00
[    0.184906] pci_bus 0000:00: root bus resource [io  0x0000-0x0cf7 window]
[    0.185788] pci_bus 0000:00: root bus resource [io  0x0d00-0xffff window]
[    0.186685] pci_bus 0000:00: root bus resource [mem 0x000a0000-0x000bffff window]
[    0.187720] pci_bus 0000:00: root bus resource [mem 0x40000000-0xfdffffff window]
[    0.188003] pci_bus 0000:00: root bus resource [bus 00-ff]
[    0.190173] pci 0000:00:01.1: legacy IDE quirk: reg 0x10: [io  0x01f0-0x01f7]
[    0.191067] pci 0000:00:01.1: legacy IDE quirk: reg 0x14: [io  0x03f6]
[    0.192002] pci 0000:00:01.1: legacy IDE quirk: reg 0x18: [io  0x0170-0x0177]
[    0.193451] pci 0000:00:01.1: legacy IDE quirk: reg 0x1c: [io  0x0376]
[    0.205677] pci 0000:00:07.0: quirk: [io  0x4000-0x403f] claimed by PIIX4 ACPI
[    0.206728] pci 0000:00:07.0: quirk: [io  0x4100-0x410f] claimed by PIIX4 SMB
[    0.212389] ACPI: PCI Interrupt Link [LNKA] (IRQs 5 9 10 *11)
[    0.213499] ACPI: PCI Interrupt Link [LNKB] (IRQs 5 9 *10 11)
[    0.214351] ACPI: PCI Interrupt Link [LNKC] (IRQs 5 *9 10 11)
[    0.215175] ACPI: PCI Interrupt Link [LNKD] (IRQs 5 9 10 *11)
[    0.216234] SCSI subsystem initialized
[    0.216817] pci 0000:00:02.0: vgaarb: setting as boot VGA device
[    0.216874] pci 0000:00:02.0: vgaarb: VGA device added: decodes=io+mem,owns=io+mem,locks=none
[    0.218003] pci 0000:00:02.0: vgaarb: bridge control possible
[    0.218742] vgaarb: loaded
[    0.220034] ACPI: bus type USB registered
[    0.220603] usbcore: registered new interface driver usbfs
[    0.221363] usbcore: registered new interface driver hub
[    0.222052] usbcore: registered new device driver usb
[    0.222878] EDAC MC: Ver: 3.0.0
[    0.222878] PCI: Using ACPI for IRQ routing
[    0.224234] NetLabel: Initializing
[    0.224770] NetLabel:  domain hash size = 128
[    0.225359] NetLabel:  protocols = UNLABELED CIPSOv4 CALIPSO
[    0.226125] NetLabel:  unlabeled traffic allowed by default
[    0.226915] clocksource: Switched to clocksource kvm-clock
[    0.234245] VFS: Disk quotas dquot_6.6.0
[    0.234922] VFS: Dquot-cache hash table entries: 512 (order 0, 4096 bytes)
[    0.235957] AppArmor: AppArmor Filesystem Enabled
[    0.236780] pnp: PnP ACPI init
[    0.238067] pnp: PnP ACPI: found 3 devices
[    0.246702] clocksource: acpi_pm: mask: 0xffffff max_cycles: 0xffffff, max_idle_ns: 2085701024 ns
[    0.247939] NET: Registered protocol family 2
[    0.248707] TCP established hash table entries: 8192 (order: 4, 65536 bytes)
[    0.249656] TCP bind hash table entries: 8192 (order: 5, 131072 bytes)
[    0.250999] TCP: Hash tables configured (established 8192 bind 8192)
[    0.251875] UDP hash table entries: 512 (order: 2, 16384 bytes)
[    0.252690] UDP-Lite hash table entries: 512 (order: 2, 16384 bytes)
[    0.253543] NET: Registered protocol family 1
[    0.254152] pci 0000:00:00.0: Limiting direct PCI/PCI transfers
[    0.254938] pci 0000:00:01.0: Activating ISA DMA hang workarounds
[    0.255760] pci 0000:00:02.0: Video device with shadowed ROM at [mem 0x000c0000-0x000dffff]
[    0.257024] Unpacking initramfs...
[    0.497740] Freeing initrd memory: 19224K
[    0.498486] clocksource: tsc: mask: 0xffffffffffffffff max_cycles: 0x19f226b2958, max_idle_ns: 440795203083 ns
[    0.499868] platform rtc_cmos: registered platform RTC device (no PNP device found)
[    0.500993] Scanning for low memory corruption every 60 seconds
[    0.502356] Initialise system trusted keyrings
[    0.502974] Key type blacklist registered
[    0.503646] workingset: timestamp_bits=36 max_order=18 bucket_order=0
[    0.505310] zbud: loaded
[    0.506193] squashfs: version 4.0 (2009/01/31) Phillip Lougher
[    0.507264] fuse init (API version 7.26)
[    0.512460] Key type asymmetric registered
[    0.513095] Asymmetric key parser 'x509' registered
[    0.513769] Block layer SCSI generic (bsg) driver version 0.4 loaded (major 246)
[    0.515018] io scheduler noop registered
[    0.515591] io scheduler deadline registered
[    0.516234] io scheduler cfq registered (default)
[    0.517278] ACPI: AC Adapter [AC] (off-line)
[    0.517938] input: Power Button as /devices/LNXSYSTM:00/LNXPWRBN:00/input/input0
[    0.519058] ACPI: Power Button [PWRF]
[    0.519643] input: Sleep Button as /devices/LNXSYSTM:00/LNXSLPBN:00/input/input1
[    0.520667] ACPI: Sleep Button [SLPF]
[    0.522117] ACPI: Battery Slot [BAT0] (battery present)
[    0.522909] Serial: 8250/16550 driver, 32 ports, IRQ sharing enabled
[    0.544396] 00:02: ttyS0 at I/O 0x3f8 (irq = 4, base_baud = 115200) is a 16550A
[    0.547796] Linux agpgart interface v0.103
[    0.550415] loop: module loaded
[    0.551396] scsi host0: ata_piix
[    0.552048] scsi host1: ata_piix
[    0.552645] ata1: PATA max UDMA/33 cmd 0x1f0 ctl 0x3f6 bmdma 0xd000 irq 14
[    0.553529] ata2: PATA max UDMA/33 cmd 0x170 ctl 0x376 bmdma 0xd008 irq 15
[    0.554811] libphy: Fixed MDIO Bus: probed
[    0.555386] tun: Universal TUN/TAP device driver, 1.6
[    0.556133] PPP generic driver version 2.4.2
[    0.556780] ehci_hcd: USB 2.0 'Enhanced' Host Controller (EHCI) Driver
[    0.557631] ehci-pci: EHCI PCI platform driver
[    0.558249] ehci-platform: EHCI generic platform driver
[    0.558962] ohci_hcd: USB 1.1 'Open' Host Controller (OHCI) Driver
[    0.559814] ohci-pci: OHCI PCI platform driver
[    0.560484] ohci-platform: OHCI generic platform driver
[    0.561186] uhci_hcd: USB Universal Host Controller Interface driver
[    0.562092] i8042: PNP: PS/2 Controller [PNP0303:PS2K,PNP0f03:PS2M] at 0x60,0x64 irq 1,12
[    0.563585] serio: i8042 KBD port at 0x60,0x64 irq 1
[    0.564313] serio: i8042 AUX port at 0x60,0x64 irq 12
[    0.565302] mousedev: PS/2 mouse device common for all mice
[    0.566714] rtc_cmos rtc_cmos: rtc core: registered rtc_cmos as rtc0
[    0.567610] input: AT Translated Set 2 keyboard as /devices/platform/i8042/serio0/input/input2
[    0.568791] rtc_cmos rtc_cmos: alarms up to one day, 114 bytes nvram
[    0.569784] i2c /dev entries driver
[    0.570322] device-mapper: uevent: version 1.0.3
[    0.571136] device-mapper: ioctl: 4.37.0-ioctl (2017-09-20) initialised: dm-devel@redhat.com
[    0.572418] ledtrig-cpu: registered to indicate activity on CPUs
[    0.573634] NET: Registered protocol family 10
[    0.577693] Segment Routing with IPv6
[    0.578247] NET: Registered protocol family 17
[    0.578930] Key type dns_resolver registered
[    0.579862] mce: Using 0 MCE banks
[    0.580455] RAS: Correctable Errors collector initialized.
[    0.581188] sched_clock: Marking stable (580438323, 0)->(705442684, -125004361)
[    0.582627] registered taskstats version 1
[    0.583196] Loading compiled-in X.509 certificates
[    0.586041] Loaded X.509 cert 'Build time autogenerated kernel key: f44537957b99d83206ce3e6a27744bf062e80295'
[    0.587415] zswap: loaded using pool lzo/zbud
[    0.591522] Key type big_key registered
[    0.592125] Key type trusted registered
[    0.594216] Key type encrypted registered
[    0.594841] AppArmor: AppArmor sha1 policy hashing enabled
[    0.595614] ima: No TPM chip found, activating TPM-bypass! (rc=-19)
[    0.596563] ima: Allocated hash algorithm: sha1
[    0.597240] evm: HMAC attrs: 0x1
[    0.597891]   Magic number: 1:310:805
[    0.598526] rtc_cmos rtc_cmos: setting system clock to 2021-04-10 22:46:54 UTC (1618094814)
[    0.599808] BIOS EDD facility v0.16 2004-Jun-25, 0 devices found
[    0.600688] EDD information not available.
[    0.958643] Freeing unused kernel image memory: 2440K
[    1.194479] Write protecting the kernel read-only data: 20480k
[    1.344686] Freeing unused kernel image memory: 2008K
[    1.346042] Freeing unused kernel image memory: 1868K
[    1.353404] x86/mm: Checked W+X mappings: passed, no W+X pages found.
[    1.354596] x86/mm: Checking user space page tables
[    1.361942] x86/mm: Checked W+X mappings: passed, no W+X pages found.
Loading, please wait...
starting version 237
[    1.419893] e1000: Intel(R) PRO/1000 Network Driver - version 7.3.21-k8-NAPI
[    1.421221] e1000: Copyright (c) 1999-2006 Intel Corporation.
[    1.425248] Fusion MPT base driver 3.04.20
[    1.426020] Copyright (c) 1999-2008 LSI Corporation
[    1.440661] AVX2 version of gcm_enc/dec engaged.
[    1.441610] AES CTR mode by8 optimization enabled
[    1.444553] Fusion MPT SPI Host driver 3.04.20
[    1.633230] input: ImExPS/2 Generic Explorer Mouse as /devices/platform/i8042/serio1/input/input4
[    1.812263] e1000 0000:00:03.0 eth0: (PCI:33MHz:32-bit) 02:99:94:d0:f2:74
[    1.815128] e1000 0000:00:03.0 eth0: Intel(R) PRO/1000 Network Connection
[    1.819498] mptbase: ioc0: Initiating bringup
[    1.821171] e1000 0000:00:03.0 enp0s3: renamed from eth0
[    1.921024] ioc0: LSI53C1030 A0: Capabilities={Initiator}
[    2.174242] scsi host2: ioc0: LSI53C1030 A0, FwRev=00000000h, Ports=1, MaxQ=256, IRQ=20
[    2.346573] scsi 2:0:0:0: Direct-Access     VBOX     HARDDISK         1.0  PQ: 0 ANSI: 5
[    3.058042] scsi target2:0:0: Beginning Domain Validation
[    3.065483] scsi target2:0:0: Domain Validation skipping write tests
[    3.069854] scsi target2:0:0: Ending Domain Validation
[    3.073614] scsi target2:0:0: asynchronous
[    3.077768] scsi 2:0:1:0: Direct-Access     VBOX     HARDDISK         1.0  PQ: 0 ANSI: 5
[    3.497252] scsi target2:0:1: Beginning Domain Validation
[    3.503135] random: fast init done
[    3.504194] scsi target2:0:1: Domain Validation skipping write tests
[    3.505819] scsi target2:0:1: Ending Domain Validation
[    3.507190] scsi target2:0:1: asynchronous
[    3.512355] random: systemd-udevd: uninitialized urandom read (16 bytes read)
[    3.514167] random: systemd-udevd: uninitialized urandom read (16 bytes read)
[    3.515896] random: systemd-udevd: uninitialized urandom read (16 bytes read)
[    3.518356] sd 2:0:0:0: Attached scsi generic sg0 type 0
[    3.518459] sd 2:0:0:0: [sda] 83886080 512-byte logical blocks: (42.9 GB/40.0 GiB)
[    3.520448] sd 2:0:1:0: Attached scsi generic sg1 type 0
[    3.524449] sd 2:0:0:0: [sda] Write Protect is off
[    3.525697] sd 2:0:1:0: [sdb] 20480 512-byte logical blocks: (10.5 MB/10.0 MiB)
[    3.526974] sd 2:0:0:0: [sda] Incomplete mode parameter data
[    3.527932] sd 2:0:0:0: [sda] Assuming drive cache: write through
[    3.529022] sd 2:0:1:0: [sdb] Write Protect is off
[    3.530021] sd 2:0:1:0: [sdb] Incomplete mode parameter data
[    3.530945] sd 2:0:1:0: [sdb] Assuming drive cache: write through
[    3.684653]  sda: sda1
[    3.690888] sd 2:0:0:0: [sda] Attached SCSI disk
[    3.695098] sd 2:0:1:0: [sdb] Attached SCSI disk
Begin: Loading essential drivers ... [    5.152096] raid6: sse2x1   gen() 11844 MB/s
[    5.200111] raid6: sse2x1   xor()  8583 MB/s
[    5.248105] raid6: sse2x2   gen() 14686 MB/s
[    5.296110] raid6: sse2x2   xor()  9778 MB/s
[    5.344095] raid6: sse2x4   gen() 16688 MB/s
[    5.392111] raid6: sse2x4   xor() 10622 MB/s
[    5.440099] raid6: avx2x1   gen() 23631 MB/s
[    5.488104] raid6: avx2x1   xor() 16578 MB/s
[    5.536096] raid6: avx2x2   gen() 27888 MB/s
[    5.584096] raid6: avx2x2   xor() 17856 MB/s
[    5.632097] raid6: avx2x4   gen() 32884 MB/s
[    5.680091] raid6: avx2x4   xor() 20235 MB/s
[    5.680735] raid6: using algorithm avx2x4 gen() 32884 MB/s
[    5.681463] raid6: .... xor() 20235 MB/s, rmw enabled
[    5.682145] raid6: using avx2x2 recovery algorithm
[    5.684031] xor: automatically using best checksumming function   avx       
[    5.686132] async_tx: api initialized (async)
done.
Begin: Running /scripts/init-premount ... done.
Begin: Mounting root file system ... Begin: Running /scripts/local-top ... done.
Begin: Running /scripts/local-premount ... [    5.724839] Btrfs loaded, crc32c=crc32c-intel
Scanning for Btrfs filesystems
done.
Warning: fsck not present, so skipping root file system
[    5.958316] EXT4-fs (sda1): mounted filesystem with ordered data mode. Opts: (null)
done.
Begin: Running /scripts/local-bottom ... done.
Begin: Running /scripts/init-bottom ... done.
[    6.236912] ip_tables: (C) 2000-2006 Netfilter Core Team
[    6.257056] systemd[1]: systemd 237 running in system mode. (+PAM +AUDIT +SELINUX +IMA +APPARMOR +SMACK +SYSVINIT +UTMP +LIBCRYPTSETUP +GCRYPT +GNUTLS +ACL +XZ +LZ4 +SECCOMP +BLKID +ELFUTILS +KMOD -IDN2 +IDN -PCRE2 default-hierarchy=hybrid)
[    6.261490] systemd[1]: Detected virtualization oracle.
[    6.262599] systemd[1]: Detected architecture x86-64.

Welcome to [1mUbuntu 18.04.5 LTS[0m!

[    6.281083] systemd[1]: Set hostname to <ubuntu>.
[    6.286758] systemd[1]: Initializing machine ID from random generator.
[    6.287863] systemd[1]: Installed transient /etc/machine-id file.
[    6.698921] systemd[1]: Reached target System Time Synchronized.
[[0;32m  OK  [0m] Reached target System Time Synchronized.
[    6.702431] systemd[1]: Started Forward Password Requests to Wall Directory Watch.
[[0;32m  OK  [0m] Started Forward Password Requests to Wall Directory Watch.
[    6.706206] systemd[1]: Reached target Swap.
[[0;32m  OK  [0m] Reached target Swap.
[    6.708736] systemd[1]: Reached target User and Group Name Lookups.
[[0;32m  OK  [0m] Reached target User and Group Name Lookups.
[[0;32m  OK  [0m] Created slice System Slice.
[[0;32m  OK  [0m] Created slice system-serial\x2dgetty.slice.
[[0;32m  OK  [0m] Listening on LVM2 metadata daemon socket.
[[0;32m  OK  [0m] Listening on Network Service Netlink Socket.
[[0;32m  OK  [0m] Listening on fsck to fsckd communication Socket.
[[0;32m  OK  [0m] Listening on Journal Socket.
         Starting Load Kernel Modules...
         Starting File System Check on Root Device...
         Mounting Huge Pages File System...
[[0;32m  OK  [0m] Listening on udev Control Socket.
[    6.748971] Loading iSCSI transport class v2.0-870.
         Mounting POSIX Message Queue File System...
[[0;32m  OK  [0m] Listening on /dev/initctl Compatibility Named Pipe.
         Starting Create list of required st…ce nodes for the current kernel...
         Starting Set the console keyboard layout...
         Starting Uncomplicated firewall...
[[0;32m  OK  [0m] Listening on Journal Audit Socket.
[[0;32m  OK  [0m] Listening on Journal Socket (/dev/log).
[    6.760264] iscsi: registered transport (tcp)
[[0;32m  OK  [0m] Listening on Device-mapper event daemon FIFOs.
[[0;32m  OK  [0m] Set up automount Arbitrary Executab…rmats File System Automount Point.
[[0;32m  OK  [0m] Created slice User and Session Slice.
[[0;32m  OK  [0m] Listening on Syslog Socket.
         Starting Journal Service...
[    6.821832] iscsi: registered transport (iser)
         Mounting Kernel Debug File System...
[[0;32m  OK  [0m] Listening on LVM2 poll daemon socket.
[[0;32m  OK  [0m] Listening on udev Kernel Socket.
         Starting udev Coldplug all Devices...
         Starting Monitoring of LVM2 mirrors…ng dmeventd or progress polling...
[[0;32m  OK  [0m] Reached target Slices.
[[0;32m  OK  [0m] Started Load Kernel Modules.
[[0;32m  OK  [0m] Mounted Huge Pages File System.
[[0;32m  OK  [0m] Mounted POSIX Message Queue File System.
[[0;32m  OK  [0m] Started Create list of required sta…vice nodes for the current kernel.
[[0;32m  OK  [0m] Started Uncomplicated firewall.
[[0;32m  OK  [0m] Mounted Kernel Debug File System.
[[0;32m  OK  [0m] Started File System Check Daemon to report status.
         Starting Create Static Device Nodes in /dev...
         Mounting Kernel Configuration File System...
         Mounting FUSE Control File System...
         Starting Apply Kernel Variables...
[[0;32m  OK  [0m] Mounted FUSE Control File System.
[[0;32m  OK  [0m] Mounted Kernel Configuration File System.
[[0;32m  OK  [0m] Started Journal Service.
[[0;32m  OK  [0m] Started LVM2 metadata daemon.
[[0;32m  OK  [0m] Started udev Coldplug all Devices.
[[0;32m  OK  [0m] Started Create Static Device Nodes in /dev.
[[0;32m  OK  [0m] Started File System Check on Root Device.
         Starting Remount Root and Kernel File Systems...
[[0;32m  OK  [0m] Started Apply Kernel Variables.
[[0;32m  OK  [0m] Started Remount Root and Kernel File Systems.
         Starting Flush Journal to Persistent Storage...
         Starting udev Kernel Device Manager...
         Starting Load/Save Random Seed...
[[0;32m  OK  [0m] Started Set the console keyboard layout.
[[0;32m  OK  [0m] Started Load/Save Random Seed.
[[0;32m  OK  [0m] Started Monitoring of LVM2 mirrors,…sing dmeventd or progress polling.
[[0;32m  OK  [0m] Reached target Local File Systems (Pre).
[[0;32m  OK  [0m] Reached target Local File Systems.
         Starting Tell Plymouth To Write Out Runtime Data...
         Starting AppArmor initialization...
         Starting Set console font and keymap...
         Starting Commit a transient machine-id on disk...
         Starting ebtables ruleset management...
[[0;32m  OK  [0m] Started udev Kernel Device Manager.
[[0;32m  OK  [0m] Started Dispatch Password Requests to Console Directory Watch.
[[0;32m  OK  [0m] Reached target Local Encrypted Volumes.
[[0;32m  OK  [0m] Started Tell Plymouth To Write Out Runtime Data.
[[0;32m  OK  [0m] Started Set console font and keymap.
[[0;32m  OK  [0m] Started Commit a transient machine-id on disk.
[[0;32m  OK  [0m] Started Flush Journal to Persistent Storage.
         Starting Create Volatile Files and Directories...
[[0;32m  OK  [0m] Started Create Volatile Files and Directories.
         Starting Update UTMP about System Boot/Shutdown...
[[0;32m  OK  [0m] Started Update UTMP about System Boot/Shutdown.
[[0;32m  OK  [0m] Started ebtables ruleset management.
[[0;32m  OK  [0m] Found device /dev/ttyS0.
[[0;32m  OK  [0m] Listening on Load/Save RF Kill Switch Status /dev/rfkill Watch.
[[0;32m  OK  [0m] Started AppArmor initialization.
         Starting Load AppArmor profiles managed internally by snapd...
         Starting Initial cloud-init job (pre-networking)...
[[0;32m  OK  [0m] Started Load AppArmor profiles managed internally by snapd.
[    9.814856] cloud-init[566]: Cloud-init v. 20.4.1-0ubuntu1~18.04.1 running 'init-local' at Sat, 10 Apr 2021 22:47:03 +0000. Up 9.41 seconds.
[[0;32m  OK  [0m] Started Initial cloud-init job (pre-networking).
[[0;32m  OK  [0m] Reached target Network (Pre).
         Starting Network Service...
[[0;32m  OK  [0m] Started Network Service.
         Starting Wait for Network to be Configured...
         Starting Network Name Resolution...
[[0;32m  OK  [0m] Started Network Name Resolution.
[[0;32m  OK  [0m] Reached target Host and Network Name Lookups.
[[0;32m  OK  [0m] Reached target Network.
[[0;32m  OK  [0m] Started Wait for Network to be Configured.
         Starting Initial cloud-init job (metadata service crawler)...
[   12.956825] cloud-init[703]: Cloud-init v. 20.4.1-0ubuntu1~18.04.1 running 'init' at Sat, 10 Apr 2021 22:47:06 +0000. Up 12.30 seconds.
[   12.958223] cloud-init[703]: ci-info: ++++++++++++++++++++++++++++++++++++++Net device info++++++++++++++++++++++++++++++++++++++
[   12.959630] cloud-init[703]: ci-info: +--------+------+----------------------------+---------------+--------+-------------------+
[   12.961346] cloud-init[703]: ci-info: | Device |  Up  |          Address           |      Mask     | Scope  |     Hw-Address    |
[   12.962547] cloud-init[703]: ci-info: +--------+------+----------------------------+---------------+--------+-------------------+
[   12.964509] cloud-init[703]: ci-info: | enp0s3 | True |         10.0.2.15          | 255.255.255.0 | global | 02:99:94:d0:f2:74 |
[   12.965898] cloud-init[703]: ci-info: | enp0s3 | True | fe80::99:94ff:fed0:f274/64 |       .       |  link  | 02:99:94:d0:f2:74 |
[   12.967205] cloud-init[703]: ci-info: |   lo   | True |         127.0.0.1          |   255.0.0.0   |  host  |         .         |
[   12.968596] cloud-init[703]: ci-info: |   lo   | True |          ::1/128           |       .       |  host  |         .         |
[   12.970064] cloud-init[703]: ci-info: +--------+------+----------------------------+---------------+--------+-------------------+
[   12.971678] cloud-init[703]: ci-info: ++++++++++++++++++++++++++++Route IPv4 info+++++++++++++++++++++++++++++
[   12.973049] cloud-init[703]: ci-info: +-------+-------------+----------+-----------------+-----------+-------+
[   12.974504] cloud-init[703]: ci-info: | Route | Destination | Gateway  |     Genmask     | Interface | Flags |
[   12.975863] cloud-init[703]: ci-info: +-------+-------------+----------+-----------------+-----------+-------+
[   12.976983] cloud-init[703]: ci-info: |   0   |   0.0.0.0   | 10.0.2.2 |     0.0.0.0     |   enp0s3  |   UG  |
[   12.978399] cloud-init[703]: ci-info: |   1   |   10.0.2.0  | 0.0.0.0  |  255.255.255.0  |   enp0s3  |   U   |
[   12.979807] cloud-init[703]: ci-info: |   2   |   10.0.2.2  | 0.0.0.0  | 255.255.255.255 |   enp0s3  |   UH  |
[   12.981158] cloud-init[703]: ci-info: +-------+-------------+----------+-----------------+-----------+-------+
[   12.982507] cloud-init[703]: ci-info: +++++++++++++++++++Route IPv6 info+++++++++++++++++++
[   12.992225] cloud-init[703]: ci-info: +-------+-------------+---------+-----------+-------+
[   12.993113] cloud-init[703]: ci-info: | Route | Destination | Gateway | Interface | Flags |
[   12.993915] cloud-init[703]: ci-info: +-------+-------------+---------+-----------+-------+
[   12.994709] cloud-init[703]: ci-info: |   1   |  fe80::/64  |    ::   |   enp0s3  |   U   |
[   12.995517] cloud-init[703]: ci-info: |   3   |    local    |    ::   |   enp0s3  |   U   |
[   12.996657] cloud-init[703]: ci-info: |   4   |   ff00::/8  |    ::   |   enp0s3  |   U   |
[   12.998627] cloud-init[703]: ci-info: +-------+-------------+---------+-----------+-------+
[   14.377503] cloud-init[703]: Generating public/private rsa key pair.
[   14.379939] cloud-init[703]: Your identification has been saved in /etc/ssh/ssh_host_rsa_key.
[   14.383065] cloud-init[703]: Your public key has been saved in /etc/ssh/ssh_host_rsa_key.pub.
[   14.385377] cloud-init[703]: The key fingerprint is:
[   14.386971] cloud-init[703]: SHA256:uhdsKwabJaFtKIyRHZVPAGN5aOvzGM/fhocCgI+Pc44 root@ubuntu-bionic
[   14.389367] cloud-init[703]: The key's randomart image is:
[   14.390675] cloud-init[703]: +---[RSA 2048]----+
[   14.391944] cloud-init[703]: |  +=oo           |
[   14.393461] cloud-init[703]: | .=.o .          |
[   14.394567] cloud-init[703]: |.+ + o           |
[   14.395655] cloud-init[703]: |= o . .          |
[   14.396802] cloud-init[703]: |o* + . .S        |
[   14.397661] cloud-init[703]: |+.O = ..+        |
[   14.398593] cloud-init[703]: | + X *.+ o       |
[   14.399511] cloud-init[703]: |o.+ B =o=        |
[   14.400434] cloud-init[703]: |E+.  +o=.        |
[   14.401347] cloud-init[703]: +----[SHA256]-----+
[   14.402231] cloud-init[703]: Generating public/private dsa key pair.
[   14.403322] cloud-init[703]: Your identification has been saved in /etc/ssh/ssh_host_dsa_key.
[   14.404643] cloud-init[703]: Your public key has been saved in /etc/ssh/ssh_host_dsa_key.pub.
[   14.405979] cloud-init[703]: The key fingerprint is:
[   14.406757] cloud-init[703]: SHA256:flpFukEB3UciCj9Rf59tLhINF3hG7VZDxij2X2Fpfbc root@ubuntu-bionic
[   14.416243] cloud-init[703]: The key's randomart image is:
[   14.417281] cloud-init[703]: +---[DSA 1024]----+
[   14.418244] cloud-init[703]: |      . o++..+B+o|
[   14.419185] cloud-init[703]: |       o o.*oo=O*|
[   14.420167] cloud-init[703]: |        + o *+=.B|
[   14.421128] cloud-init[703]: |         o o * E*|
[   14.422069] cloud-init[703]: |        S o o oo=|
[   14.423001] cloud-init[703]: |       .   + . + |
[   14.423967] cloud-init[703]: |        . + . . .|
[   14.424864] cloud-init[703]: |         +   . . |
[   14.425785] cloud-init[703]: |        .        |
[   14.426745] cloud-init[703]: +----[SHA256]-----+
[   14.428006] cloud-init[703]: Generating public/private ecdsa key pair.
[   14.429335] cloud-init[703]: Your identification has been saved in /etc/ssh/ssh_host_ecdsa_key.
[   14.430857] cloud-init[703]: Your public key has been saved in /etc/ssh/ssh_host_ecdsa_key.pub.
[   14.432454] cloud-init[703]: The key fingerprint is:
[   14.433192] cloud-init[703]: SHA256:YYZXLLswu38OOwunu+PY8+2aO6J/H9J6dnUtPRujMvg root@ubuntu-bionic
[   14.434757] cloud-init[703]: The key's randomart image is:
[   14.435824] [[0;32m  OK  [0m] Started Initial cloud-init job (metadata service crawler).
[[0;32m  OK  [0m] Reached target Network is Online.
cloud-init[703]: +---[ECDSA 256]---+
[   14.452422] cloud-init[703]: |         ..      |
[   14.472145] cloud-init[703]: |       ....      |
[   14.474584] cloud-init[703]: |      . =o       |
[   14.476083] cloud-init[703]: |      o+..       |
[   14.477434] cloud-init[703]: |       +S.     ..|
[   14.478117] cloud-init[703]: |      . ..    o++|
[   14.478872] cloud-init[703]: |      ..+ +  ..o=|
[   14.480758] cloud-init[703]: |     o=++O++.. . |
[   14.481378] cloud-init[703]: |    o+BXX&*Eo    |
[   14.482033] cloud-init[703]: +----[SHA256]-----+
[   14.482651] cloud-init[703]: Generating public/private ed25519 key pair.
[   14.483493] cloud-init[703]: Your identification has been saved in /etc/ssh/ssh_host_ed25519_key.
[   14.484576] cloud-init[703]: Your public key has been saved in /etc/ssh/ssh_host_ed25519_key.pub.
[   14.485808] cloud-init[703]: The key fingerprint is:
[   14.486535] cloud-init[703]: SHA256:MI69OeYh3Gb+Ldu+pb4mirAi9zZp8MdNpbz59D+JZHc root@ubuntu-bionic
[   14.487597] cloud-init[703]: The key's randomart image is:
[   14.488273] cloud-init[703]: +--[ED25519 256]--+
[   14.488839] cloud-init[703]: |                 |
[   14.489326] cloud-init[703]: |                 |
[   14.489890] cloud-init[703]: |      o          |
[   14.490476] cloud-init[703]: |     + o  .      |
[   14.490951] cloud-init[703]: |    . o.So       |
[   14.504346] cloud-init[703]: |  .. . o+   o . E|
[   14.506818] cloud-init[703]: |  .oooXo o.o.o o |
[   14.508849] cloud-init[703]: |o .o*Ooo*+.+. o  |
[   14.510377] cloud-init[703]: |.o.+oo+ooOXo.... |
[   14.511855] cloud-init[703]: +----[SHA256]-----+
         Starting Availability of block devices...
[[0;32m  OK  [0m] Reached target Remote File Systems (Pre).
[[0;32m  OK  [0m] Reached target Remote File Systems.
[[0;32m  OK  [0m] Reached target Cloud-config availability.
[[0;32m  OK  [0m] Reached target System Initialization.
[[0;32m  OK  [0m] Listening on UUID daemon activation socket.
[[0;32m  OK  [0m] Listening on D-Bus System Message Bus Socket.
[[0;32m  OK  [0m] Started Daily apt download activities.
[[0;32m  OK  [0m] Started Daily apt upgrade and clean activities.
         Starting LXD - unix socket.
[[0;32m  OK  [0m] Started Discard unused blocks once a week.
[[0;32m  OK  [0m] Started Daily Cleanup of Temporary Directories.
         Starting Socket activation for snappy daemon.
[[0;32m  OK  [0m] Started Message of the Day.
[[0;32m  OK  [0m] Reached target Timers.
[[0;32m  OK  [0m] Started ACPI Events Check.
[[0;32m  OK  [0m] Reached target Paths.
[[0;32m  OK  [0m] Listening on Open-iSCSI iscsid Socket.
[[0;32m  OK  [0m] Listening on ACPID Listen Socket.
[[0;32m  OK  [0m] Started Availability of block devices.
[[0;32m  OK  [0m] Listening on LXD - unix socket.
[[0;32m  OK  [0m] Listening on Socket activation for snappy daemon.
[[0;32m  OK  [0m] Reached target Sockets.
[[0;32m  OK  [0m] Reached target Basic System.
         Starting System Logging Service...
         Starting Login Service...
[[0;32m  OK  [0m] Started FUSE filesystem for LXC.
[[0;32m  OK  [0m] Started Regular background program processing daemon.
[[0;32m  OK  [0m] Started irqbalance daemon.
         Starting LSB: Record successful boot for GRUB...
         Starting Virtualbox guest utils...
         Starting Pollinate to seed the pseudo random number generator...
         Starting LXD - container startup/shutdown...
[[0;32m  OK  [0m] Started D-Bus System Message Bus.
[[0;32m  OK  [0m] Started Login Service.
[[0;32m  OK  [0m] Started Deferred execution scheduler.
         Starting Permit User Sessions...
         Starting Accounts Service...
         Starting Dispatcher daemon for systemd-networkd...
         Starting Snap Daemon...
         Starting LSB: automatic crash report generation...
[[0;32m  OK  [0m] Started Unattended Upgrades Shutdown.
[[0;32m  OK  [0m] Started System Logging Service.
[[0;32m  OK  [0m] Started Permit User Sessions.
[[0;32m  OK  [0m] Started LXD - container startup/shutdown.
         Starting Authorization Manager...
         Starting Hold until boot process finishes up...
         Starting Terminate Plymouth Boot Screen...
[[0;32m  OK  [0m] Started Hold until boot process finishes up.
[[0;32m  OK  [0m] Started Serial Getty on ttyS0.
         Starting Set console scheme...
[[0;32m  OK  [0m] Started Terminate Plymouth Boot Screen.
[[0;32m  OK  [0m] Started LSB: automatic crash report generation.
[[0;32m  OK  [0m] Started Set console scheme.
[[0;32m  OK  [0m] Started LSB: Record successful boot for GRUB.
[[0;32m  OK  [0m] Created slice system-getty.slice.
[[0;32m  OK  [0m] Started Getty on tty1.
[[0;32m  OK  [0m] Reached target Login Prompts.
[[0;32m  OK  [0m] Started Authorization Manager.
[[0;32m  OK  [0m] Started Accounts Service.
[[0;32m  OK  [0m] Started Virtualbox guest utils.
[[0;32m  OK  [0m] Started Dispatcher daemon for systemd-networkd.
[[0;32m  OK  [0m] Started Snap Daemon.
         Starting Wait until snapd is fully seeded...
[[0;32m  OK  [0m] Started Pollinate to seed the pseudo random number generator.
         Starting OpenBSD Secure Shell server...
[[0;32m  OK  [0m] Started OpenBSD Secure Shell server.
[[0;32m  OK  [0m] Created slice User Slice of vagrant.
         Starting User Manager for UID 1000...
[[0;32m  OK  [0m] Started Session 1 of user vagrant.
[[0;32m  OK  [0m] Started User Manager for UID 1000.
[[0;32m  OK  [0m] Started Wait until snapd is fully seeded.
[[0;32m  OK  [0m] Reached target Multi-User System.
[[0;32m  OK  [0m] Reached target Graphical Interface.
         Starting Update UTMP about System Runlevel Changes...
         Starting Apply the settings specified in cloud-config...
[[0;32m  OK  [0m] Started Update UTMP about System Runlevel Changes.
[   20.430790] cloud-init[1514]: Cloud-init v. 20.4.1-0ubuntu1~18.04.1 running 'modules:config' at Sat, 10 Apr 2021 22:47:13 +0000. Up 19.84 seconds.
ci-info: no authorized SSH keys fingerprints found for user ubuntu.
<14>Apr 10 22:47:15 ec2: 
<14>Apr 10 22:47:15 ec2: #############################################################
<14>Apr 10 22:47:15 ec2: -----BEGIN SSH HOST KEY FINGERPRINTS-----
<14>Apr 10 22:47:15 ec2: 1024 SHA256:flpFukEB3UciCj9Rf59tLhINF3hG7VZDxij2X2Fpfbc root@ubuntu-bionic (DSA)
<14>Apr 10 22:47:15 ec2: 256 SHA256:YYZXLLswu38OOwunu+PY8+2aO6J/H9J6dnUtPRujMvg root@ubuntu-bionic (ECDSA)
<14>Apr 10 22:47:15 ec2: 256 SHA256:MI69OeYh3Gb+Ldu+pb4mirAi9zZp8MdNpbz59D+JZHc root@ubuntu-bionic (ED25519)
<14>Apr 10 22:47:15 ec2: 2048 SHA256:uhdsKwabJaFtKIyRHZVPAGN5aOvzGM/fhocCgI+Pc44 root@ubuntu-bionic (RSA)
<14>Apr 10 22:47:15 ec2: -----END SSH HOST KEY FINGERPRINTS-----
<14>Apr 10 22:47:15 ec2: #############################################################
-----BEGIN SSH HOST KEY KEYS-----
ecdsa-sha2-nistp256 AAAAE2VjZHNhLXNoYTItbmlzdHAyNTYAAAAIbmlzdHAyNTYAAABBBJ5ONRUzAEuOOab9YqNPk1xPBI3y51aYzaHa5InnfmmDRo7LUJLJ/aBVegi0w0rE4lg9BB2TSbHHdsrZqci+8Uc= root@ubuntu-bionic
ssh-ed25519 AAAAC3NzaC1lZDI1NTE5AAAAIBKeRPm6cqdsplfRfKgm+DNGy6m/tjU6vthSnfXzyS+4 root@ubuntu-bionic
ssh-rsa AAAAB3NzaC1yc2EAAAADAQABAAABAQDHFhrbeTV47+W/isxW/I7bShUtWCIX3kQvdhu3nGKs/g7vgRYDKU3EkA/D9s7unCGnlY5c8xvobZq3sDrljoaNJo9qBnrvbz3+oDAdoP4DZH1n3+5DSlrwuzGjMLrlngxPadZI2cjzP+tadIIhf3PXFit4sHpDJ1e3D8eZ11bD9CKnhRAr6FT9hb5OAHBmN5tBNf8jRPHSerBAkJxuqzd5lTLZQcZVCtwqQWFwLzG3OTfxkcxwgT9vMUB1q9c05RFGORwOLTHgQfwZp43HmhxFlQs0xc4uTqCr/Y6/IHz/D0NOk6yXIc0L6tyHH4J5zkGoWQsvrxK0YYlq6oXl58/b root@ubuntu-bionic
-----END SSH HOST KEY KEYS-----
[   21.197173] cloud-init[1639]: Cloud-init v. 20.4.1-0ubuntu1~18.04.1 running 'modules:final' at Sat, 10 Apr 2021 22:47:14 +0000. Up 20.83 seconds.
[   21.197280] cloud-init[1639]: ci-info: no authorized SSH keys fingerprints found for user ubuntu.
[   21.197829] cloud-init[1639]: Cloud-init v. 20.4.1-0ubuntu1~18.04.1 finished at Sat, 10 Apr 2021 22:47:15 +0000. Datasource DataSourceNoCloud [seed=/dev/sdb][dsmode=net].  Up 21.19 seconds

Ubuntu 18.04.5 LTS ubuntu-bionic ttyS0

ubuntu-bionic login: 